{"D:\\RollingScopes\\CLONE\\TASK3\\TASK3-ORIGINAL\\src\\app\\core\\services\\fetch-classic-interceptors.service.ts": {"path":"D:\\RollingScopes\\CLONE\\TASK3\\TASK3-ORIGINAL\\src\\app\\core\\services\\fetch-classic-interceptors.service.ts","statementMap":{"0":{"start":{"line":1,"column":0},"end":{"line":1,"column":67}},"1":{"start":{"line":2,"column":0},"end":{"line":2,"column":35}},"2":{"start":{"line":9,"column":13},"end":{"line":11,"column":2}},"3":{"start":{"line":21,"column":21},"end":{"line":21,"column":56}},"4":{"start":{"line":17,"column":19},"end":{"line":17,"column":55}},"5":{"start":{"line":28,"column":19},"end":{"line":34,"column":null}},"6":{"start":{"line":31,"column":10},"end":{"line":31,"column":42}},"7":{"start":{"line":32,"column":8},"end":{"line":32,"column":66}},"8":{"start":{"line":37,"column":21},"end":{"line":37,"column":50}},"9":{"start":{"line":38,"column":36},"end":{"line":38,"column":60}},"10":{"start":{"line":40,"column":4},"end":{"line":47,"column":5}},"11":{"start":{"line":41,"column":6},"end":{"line":46,"column":8}},"12":{"start":{"line":49,"column":4},"end":{"line":53,"column":6}},"13":{"start":{"line":57,"column":4},"end":{"line":57,"column":34}},"14":{"start":{"line":16,"column":13},"end":{"line":16,"column":36}},"15":{"start":{"line":16,"column":13},"end":{"line":59,"column":null}}},"fnMap":{"0":{"name":"(anonymous_0)","decl":{"start":{"line":19,"column":2},"end":{"line":19,"column":null}},"loc":{"start":{"line":21,"column":58},"end":{"line":22,"column":6}}},"1":{"name":"(anonymous_1)","decl":{"start":{"line":24,"column":2},"end":{"line":24,"column":7}},"loc":{"start":{"line":26,"column":24},"end":{"line":54,"column":3}}},"2":{"name":"(anonymous_2)","decl":{"start":{"line":29,"column":6},"end":{"line":29,"column":11}},"loc":{"start":{"line":29,"column":63},"end":{"line":33,"column":7}}},"3":{"name":"(anonymous_3)","decl":{"start":{"line":56,"column":2},"end":{"line":56,"column":7}},"loc":{"start":{"line":56,"column":58},"end":{"line":58,"column":3}}}},"branchMap":{"0":{"loc":{"start":{"line":21,"column":21},"end":{"line":21,"column":58}},"type":"default-arg","locations":[{"start":{"line":21,"column":56},"end":{"line":21,"column":58}}]},"1":{"loc":{"start":{"line":40,"column":4},"end":{"line":47,"column":5}},"type":"if","locations":[{"start":{"line":40,"column":4},"end":{"line":47,"column":5}}]}},"s":{"0":5,"1":5,"2":5,"3":4,"4":4,"5":2,"6":3,"7":3,"8":2,"9":2,"10":2,"11":1,"12":1,"13":1,"14":5,"15":5},"f":{"0":4,"1":2,"2":3,"3":1},"b":{"0":[0],"1":[1]}}
,"D:\\RollingScopes\\CLONE\\TASK3\\TASK3-ORIGINAL\\src\\app\\core\\services\\fetch-classic.service.ts": {"path":"D:\\RollingScopes\\CLONE\\TASK3\\TASK3-ORIGINAL\\src\\app\\core\\services\\fetch-classic.service.ts","statementMap":{"0":{"start":{"line":1,"column":0},"end":{"line":1,"column":43}},"1":{"start":{"line":2,"column":0},"end":{"line":2,"column":47}},"2":{"start":{"line":3,"column":0},"end":{"line":3,"column":79}},"3":{"start":{"line":10,"column":31},"end":{"line":10,"column":74}},"4":{"start":{"line":12,"column":2},"end":{"line":19,"column":4}},"5":{"start":{"line":13,"column":4},"end":{"line":18,"column":17}},"6":{"start":{"line":16,"column":10},"end":{"line":16,"column":73}},"7":{"start":{"line":32,"column":8},"end":{"line":32,"column":15}},"8":{"start":{"line":33,"column":23},"end":{"line":33,"column":33}},"9":{"start":{"line":35,"column":22},"end":{"line":35,"column":67}},"10":{"start":{"line":35,"column":39},"end":{"line":35,"column":57}},"11":{"start":{"line":37,"column":4},"end":{"line":92,"column":5}},"12":{"start":{"line":38,"column":20},"end":{"line":38,"column":23}},"13":{"start":{"line":40,"column":6},"end":{"line":43,"column":7}},"14":{"start":{"line":41,"column":28},"end":{"line":41,"column":57}},"15":{"start":{"line":42,"column":8},"end":{"line":42,"column":42}},"16":{"start":{"line":45,"column":40},"end":{"line":50,"column":8}},"17":{"start":{"line":52,"column":6},"end":{"line":62,"column":7}},"18":{"start":{"line":53,"column":31},"end":{"line":54,"column":null}},"19":{"start":{"line":54,"column":21},"end":{"line":54,"column":57}},"20":{"start":{"line":56,"column":8},"end":{"line":61,"column":9}},"21":{"start":{"line":57,"column":11},"end":{"line":60,"column":12}},"22":{"start":{"line":64,"column":24},"end":{"line":66,"column":null}},"23":{"start":{"line":69,"column":23},"end":{"line":71,"column":55}},"24":{"start":{"line":73,"column":6},"end":{"line":76,"column":8}},"25":{"start":{"line":78,"column":6},"end":{"line":78,"column":30}},"26":{"start":{"line":80,"column":6},"end":{"line":82,"column":7}},"27":{"start":{"line":81,"column":8},"end":{"line":81,"column":54}},"28":{"start":{"line":83,"column":6},"end":{"line":85,"column":7}},"29":{"start":{"line":84,"column":8},"end":{"line":84,"column":54}},"30":{"start":{"line":86,"column":6},"end":{"line":88,"column":7}},"31":{"start":{"line":87,"column":8},"end":{"line":87,"column":54}},"32":{"start":{"line":89,"column":6},"end":{"line":89,"column":68}},"33":{"start":{"line":91,"column":6},"end":{"line":91,"column":43}},"34":{"start":{"line":9,"column":13},"end":{"line":9,"column":32}},"35":{"start":{"line":9,"column":13},"end":{"line":94,"column":null}}},"fnMap":{"0":{"name":"(anonymous_0)","decl":{"start":{"line":10,"column":2},"end":{"line":10,"column":31}},"loc":{"start":{"line":10,"column":74},"end":{"line":10,"column":78}}},"1":{"name":"(anonymous_1)","decl":{"start":{"line":12,"column":21},"end":{"line":12,"column":22}},"loc":{"start":{"line":12,"column":53},"end":{"line":19,"column":3}}},"2":{"name":"(anonymous_2)","decl":{"start":{"line":15,"column":8},"end":{"line":15,"column":9}},"loc":{"start":{"line":16,"column":10},"end":{"line":16,"column":73}}},"3":{"name":"(anonymous_3)","decl":{"start":{"line":21,"column":2},"end":{"line":21,"column":7}},"loc":{"start":{"line":23,"column":40},"end":{"line":93,"column":3}}},"4":{"name":"(anonymous_4)","decl":{"start":{"line":35,"column":33},"end":{"line":35,"column":36}},"loc":{"start":{"line":35,"column":39},"end":{"line":35,"column":57}}},"5":{"name":"(anonymous_5)","decl":{"start":{"line":54,"column":10},"end":{"line":54,"column":11}},"loc":{"start":{"line":54,"column":21},"end":{"line":54,"column":57}}}},"branchMap":{"0":{"loc":{"start":{"line":23,"column":4},"end":{"line":23,"column":40}},"type":"default-arg","locations":[{"start":{"line":23,"column":38},"end":{"line":23,"column":40}}]},"1":{"loc":{"start":{"line":26,"column":6},"end":{"line":26,"column":20}},"type":"default-arg","locations":[{"start":{"line":26,"column":15},"end":{"line":26,"column":20}}]},"2":{"loc":{"start":{"line":29,"column":6},"end":{"line":29,"column":40}},"type":"default-arg","locations":[{"start":{"line":29,"column":19},"end":{"line":29,"column":40}}]},"3":{"loc":{"start":{"line":30,"column":6},"end":{"line":30,"column":20}},"type":"default-arg","locations":[{"start":{"line":30,"column":16},"end":{"line":30,"column":20}}]},"4":{"loc":{"start":{"line":31,"column":6},"end":{"line":31,"column":27}},"type":"default-arg","locations":[{"start":{"line":31,"column":21},"end":{"line":31,"column":27}}]},"5":{"loc":{"start":{"line":40,"column":6},"end":{"line":43,"column":7}},"type":"if","locations":[{"start":{"line":40,"column":6},"end":{"line":43,"column":7}}]},"6":{"loc":{"start":{"line":48,"column":14},"end":{"line":48,"column":65}},"type":"cond-expr","locations":[{"start":{"line":48,"column":33},"end":{"line":48,"column":53}},{"start":{"line":48,"column":56},"end":{"line":48,"column":65}}]},"7":{"loc":{"start":{"line":52,"column":6},"end":{"line":62,"column":7}},"type":"if","locations":[{"start":{"line":52,"column":6},"end":{"line":62,"column":7}}]},"8":{"loc":{"start":{"line":53,"column":46},"end":{"line":53,"column":67}},"type":"binary-expr","locations":[{"start":{"line":53,"column":46},"end":{"line":53,"column":61}},{"start":{"line":53,"column":65},"end":{"line":53,"column":67}}]},"9":{"loc":{"start":{"line":56,"column":8},"end":{"line":61,"column":9}},"type":"if","locations":[{"start":{"line":56,"column":8},"end":{"line":61,"column":9}}]},"10":{"loc":{"start":{"line":69,"column":23},"end":{"line":71,"column":55}},"type":"cond-expr","locations":[{"start":{"line":70,"column":10},"end":{"line":70,"column":34}},{"start":{"line":71,"column":10},"end":{"line":71,"column":55}}]},"11":{"loc":{"start":{"line":80,"column":6},"end":{"line":82,"column":7}},"type":"if","locations":[{"start":{"line":80,"column":6},"end":{"line":82,"column":7}}]},"12":{"loc":{"start":{"line":83,"column":6},"end":{"line":85,"column":7}},"type":"if","locations":[{"start":{"line":83,"column":6},"end":{"line":85,"column":7}}]},"13":{"loc":{"start":{"line":86,"column":6},"end":{"line":88,"column":7}},"type":"if","locations":[{"start":{"line":86,"column":6},"end":{"line":88,"column":7}}]}},"s":{"0":4,"1":4,"2":4,"3":5,"4":5,"5":1,"6":2,"7":7,"8":7,"9":7,"10":0,"11":7,"12":7,"13":7,"14":0,"15":0,"16":7,"17":7,"18":0,"19":0,"20":0,"21":0,"22":7,"23":6,"24":5,"25":5,"26":5,"27":2,"28":3,"29":1,"30":2,"31":1,"32":1,"33":3,"34":4,"35":4},"f":{"0":5,"1":1,"2":2,"3":7,"4":0,"5":0},"b":{"0":[3],"1":[7],"2":[7],"3":[7],"4":[3],"5":[0],"6":[0,7],"7":[0],"8":[0,0],"9":[0],"10":[0,6],"11":[2],"12":[1],"13":[1]}}
,"D:\\RollingScopes\\CLONE\\TASK3\\TASK3-ORIGINAL\\src\\app\\core\\services\\responce-error.ts": {"path":"D:\\RollingScopes\\CLONE\\TASK3\\TASK3-ORIGINAL\\src\\app\\core\\services\\responce-error.ts","statementMap":{"0":{"start":{"line":30,"column":4},"end":{"line":30,"column":19}},"1":{"start":{"line":25,"column":20},"end":{"line":25,"column":35}},"2":{"start":{"line":26,"column":20},"end":{"line":26,"column":32}},"3":{"start":{"line":27,"column":11},"end":{"line":27,"column":29}},"4":{"start":{"line":28,"column":20},"end":{"line":28,"column":48}},"5":{"start":{"line":31,"column":4},"end":{"line":31,"column":27}},"6":{"start":{"line":32,"column":4},"end":{"line":32,"column":21}},"7":{"start":{"line":33,"column":4},"end":{"line":33,"column":33}},"8":{"start":{"line":34,"column":4},"end":{"line":34,"column":23}},"9":{"start":{"line":38,"column":4},"end":{"line":42,"column":6}},"10":{"start":{"line":23,"column":0},"end":{"line":23,"column":13}},"11":{"start":{"line":47,"column":2},"end":{"line":47,"column":51}},"12":{"start":{"line":47,"column":38},"end":{"line":47,"column":51}},"13":{"start":{"line":48,"column":2},"end":{"line":54,"column":3}},"14":{"start":{"line":49,"column":4},"end":{"line":49,"column":54}},"15":{"start":{"line":49,"column":37},"end":{"line":49,"column":54}},"16":{"start":{"line":50,"column":16},"end":{"line":50,"column":42}},"17":{"start":{"line":51,"column":17},"end":{"line":51,"column":62}},"18":{"start":{"line":53,"column":4},"end":{"line":53,"column":75}},"19":{"start":{"line":56,"column":2},"end":{"line":58,"column":3}},"20":{"start":{"line":57,"column":4},"end":{"line":57,"column":48}},"21":{"start":{"line":60,"column":2},"end":{"line":60,"column":15}},"22":{"start":{"line":46,"column":0},"end":{"line":46,"column":16}},"23":{"start":{"line":64,"column":2},"end":{"line":66,"column":3}},"24":{"start":{"line":65,"column":4},"end":{"line":65,"column":29}},"25":{"start":{"line":68,"column":2},"end":{"line":72,"column":4}},"26":{"start":{"line":63,"column":0},"end":{"line":63,"column":16}},"27":{"start":{"line":79,"column":24},"end":{"line":79,"column":45}},"28":{"start":{"line":81,"column":4},"end":{"line":83,"column":10}},"29":{"start":{"line":84,"column":2},"end":{"line":84,"column":63}},"30":{"start":{"line":85,"column":2},"end":{"line":85,"column":23}},"31":{"start":{"line":75,"column":0},"end":{"line":75,"column":16}}},"fnMap":{"0":{"name":"(anonymous_0)","decl":{"start":{"line":24,"column":2},"end":{"line":24,"column":null}},"loc":{"start":{"line":28,"column":57},"end":{"line":35,"column":3}}},"1":{"name":"(anonymous_1)","decl":{"start":{"line":37,"column":2},"end":{"line":37,"column":11}},"loc":{"start":{"line":37,"column":11},"end":{"line":43,"column":3}}},"2":{"name":"handleError","decl":{"start":{"line":46,"column":16},"end":{"line":46,"column":27}},"loc":{"start":{"line":46,"column":42},"end":{"line":61,"column":1}}},"3":{"name":"serializeError","decl":{"start":{"line":63,"column":16},"end":{"line":63,"column":30}},"loc":{"start":{"line":63,"column":45},"end":{"line":73,"column":1}}},"4":{"name":"printError","decl":{"start":{"line":75,"column":16},"end":{"line":75,"column":26}},"loc":{"start":{"line":77,"column":19},"end":{"line":86,"column":1}}}},"branchMap":{"0":{"loc":{"start":{"line":28,"column":20},"end":{"line":28,"column":57}},"type":"default-arg","locations":[{"start":{"line":28,"column":48},"end":{"line":28,"column":57}}]},"1":{"loc":{"start":{"line":47,"column":2},"end":{"line":47,"column":51}},"type":"if","locations":[{"start":{"line":47,"column":2},"end":{"line":47,"column":51}}]},"2":{"loc":{"start":{"line":48,"column":2},"end":{"line":54,"column":3}},"type":"if","locations":[{"start":{"line":48,"column":2},"end":{"line":54,"column":3}}]},"3":{"loc":{"start":{"line":49,"column":4},"end":{"line":49,"column":54}},"type":"if","locations":[{"start":{"line":49,"column":4},"end":{"line":49,"column":54}}]},"4":{"loc":{"start":{"line":51,"column":17},"end":{"line":51,"column":62}},"type":"binary-expr","locations":[{"start":{"line":51,"column":17},"end":{"line":51,"column":25}},{"start":{"line":51,"column":29},"end":{"line":51,"column":43}},{"start":{"line":51,"column":47},"end":{"line":51,"column":57}},{"start":{"line":51,"column":61},"end":{"line":51,"column":62}}]},"5":{"loc":{"start":{"line":56,"column":2},"end":{"line":58,"column":3}},"type":"if","locations":[{"start":{"line":56,"column":2},"end":{"line":58,"column":3}}]},"6":{"loc":{"start":{"line":64,"column":2},"end":{"line":66,"column":3}},"type":"if","locations":[{"start":{"line":64,"column":2},"end":{"line":66,"column":3}}]},"7":{"loc":{"start":{"line":77,"column":2},"end":{"line":77,"column":19}},"type":"default-arg","locations":[{"start":{"line":77,"column":12},"end":{"line":77,"column":19}}]},"8":{"loc":{"start":{"line":81,"column":4},"end":{"line":83,"column":10}},"type":"cond-expr","locations":[{"start":{"line":82,"column":8},"end":{"line":82,"column":39}},{"start":{"line":83,"column":8},"end":{"line":83,"column":10}}]},"9":{"loc":{"start":{"line":81,"column":4},"end":{"line":81,"column":60}},"type":"binary-expr","locations":[{"start":{"line":81,"column":4},"end":{"line":81,"column":28}},{"start":{"line":81,"column":32},"end":{"line":81,"column":60}}]}},"s":{"0":7,"1":7,"2":7,"3":7,"4":7,"5":7,"6":7,"7":7,"8":7,"9":3,"10":4,"11":5,"12":1,"13":4,"14":2,"15":1,"16":1,"17":1,"18":1,"19":2,"20":1,"21":1,"22":4,"23":7,"24":2,"25":5,"26":4,"27":5,"28":5,"29":5,"30":5,"31":4},"f":{"0":7,"1":3,"2":5,"3":7,"4":5},"b":{"0":[5],"1":[1],"2":[2],"3":[1],"4":[1,1,1,1],"5":[1],"6":[2],"7":[3],"8":[1,4],"9":[5,5]}}
,"D:\\RollingScopes\\CLONE\\TASK3\\TASK3-ORIGINAL\\src\\app\\redux\\state.model.ts": {"path":"D:\\RollingScopes\\CLONE\\TASK3\\TASK3-ORIGINAL\\src\\app\\redux\\state.model.ts","statementMap":{"0":{"start":{"line":13,"column":0},"end":{"line":13,"column":null}},"1":{"start":{"line":14,"column":2},"end":{"line":14,"column":null}},"2":{"start":{"line":15,"column":2},"end":{"line":15,"column":null}}},"fnMap":{"0":{"name":"(anonymous_0)","decl":{"start":{"line":13,"column":0},"end":{"line":13,"column":12}},"loc":{"start":{"line":13,"column":23},"end":{"line":16,"column":1}}}},"branchMap":{"0":{"loc":{"start":{"line":13,"column":12},"end":{"line":13,"column":null}},"type":"binary-expr","locations":[{"start":{"line":13,"column":12},"end":{"line":13,"column":23}},{"start":{"line":13,"column":23},"end":{"line":13,"column":null}}]}},"s":{"0":3,"1":3,"2":3},"f":{"0":3},"b":{"0":[3,3]}}
,"D:\\RollingScopes\\CLONE\\TASK3\\TASK3-ORIGINAL\\src\\app\\redux\\video.store.ts": {"path":"D:\\RollingScopes\\CLONE\\TASK3\\TASK3-ORIGINAL\\src\\app\\redux\\video.store.ts","statementMap":{"0":{"start":{"line":1,"column":0},"end":{"line":1,"column":49}},"1":{"start":{"line":2,"column":0},"end":{"line":2,"column":null}},"2":{"start":{"line":9,"column":0},"end":{"line":9,"column":54}},"3":{"start":{"line":10,"column":0},"end":{"line":10,"column":56}},"4":{"start":{"line":11,"column":0},"end":{"line":11,"column":null}},"5":{"start":{"line":19,"column":0},"end":{"line":19,"column":67}},"6":{"start":{"line":21,"column":33},"end":{"line":29,"column":2}},"7":{"start":{"line":31,"column":13},"end":{"line":230,"column":2}},"8":{"start":{"line":43,"column":26},"end":{"line":45,"column":8}},"9":{"start":{"line":44,"column":8},"end":{"line":44,"column":48}},"10":{"start":{"line":44,"column":40},"end":{"line":44,"column":46}},"11":{"start":{"line":47,"column":26},"end":{"line":49,"column":8}},"12":{"start":{"line":48,"column":8},"end":{"line":48,"column":75}},"13":{"start":{"line":51,"column":26},"end":{"line":56,"column":8}},"14":{"start":{"line":52,"column":8},"end":{"line":55,"column":10}},"15":{"start":{"line":58,"column":30},"end":{"line":61,"column":8}},"16":{"start":{"line":59,"column":27},"end":{"line":59,"column":53}},"17":{"start":{"line":60,"column":8},"end":{"line":60,"column":42}},"18":{"start":{"line":64,"column":28},"end":{"line":64,"column":49}},"19":{"start":{"line":65,"column":25},"end":{"line":67,"column":8}},"20":{"start":{"line":69,"column":28},"end":{"line":87,"column":8}},"21":{"start":{"line":70,"column":8},"end":{"line":70,"column":18}},"22":{"start":{"line":71,"column":23},"end":{"line":71,"column":36}},"23":{"start":{"line":72,"column":24},"end":{"line":72,"column":48}},"24":{"start":{"line":73,"column":8},"end":{"line":73,"column":71}},"25":{"start":{"line":73,"column":57},"end":{"line":73,"column":71}},"26":{"start":{"line":74,"column":25},"end":{"line":74,"column":43}},"27":{"start":{"line":75,"column":8},"end":{"line":86,"column":55}},"28":{"start":{"line":77,"column":29},"end":{"line":77,"column":30}},"29":{"start":{"line":78,"column":12},"end":{"line":82,"column":15}},"30":{"start":{"line":79,"column":28},"end":{"line":79,"column":50}},"31":{"start":{"line":81,"column":14},"end":{"line":81,"column":59}},"32":{"start":{"line":81,"column":43},"end":{"line":81,"column":59}},"33":{"start":{"line":83,"column":12},"end":{"line":83,"column":44}},"34":{"start":{"line":85,"column":29},"end":{"line":85,"column":49}},"35":{"start":{"line":86,"column":26},"end":{"line":86,"column":53}},"36":{"start":{"line":89,"column":26},"end":{"line":110,"column":8}},"37":{"start":{"line":90,"column":8},"end":{"line":90,"column":18}},"38":{"start":{"line":91,"column":28},"end":{"line":91,"column":43}},"39":{"start":{"line":92,"column":23},"end":{"line":92,"column":57}},"40":{"start":{"line":93,"column":22},"end":{"line":93,"column":54}},"41":{"start":{"line":94,"column":8},"end":{"line":94,"column":79}},"42":{"start":{"line":94,"column":60},"end":{"line":94,"column":79}},"43":{"start":{"line":95,"column":8},"end":{"line":109,"column":11}},"44":{"start":{"line":97,"column":12},"end":{"line":99,"column":52}},"45":{"start":{"line":101,"column":12},"end":{"line":103,"column":52}},"46":{"start":{"line":104,"column":10},"end":{"line":107,"column":11}},"47":{"start":{"line":105,"column":12},"end":{"line":105,"column":59}},"48":{"start":{"line":105,"column":33},"end":{"line":105,"column":59}},"49":{"start":{"line":106,"column":12},"end":{"line":106,"column":54}},"50":{"start":{"line":106,"column":33},"end":{"line":106,"column":54}},"51":{"start":{"line":108,"column":10},"end":{"line":108,"column":19}},"52":{"start":{"line":112,"column":29},"end":{"line":120,"column":8}},"53":{"start":{"line":113,"column":27},"end":{"line":113,"column":59}},"54":{"start":{"line":114,"column":25},"end":{"line":114,"column":48}},"55":{"start":{"line":116,"column":10},"end":{"line":118,"column":27}},"56":{"start":{"line":119,"column":8},"end":{"line":119,"column":55}},"57":{"start":{"line":122,"column":6},"end":{"line":122,"column":75}},"58":{"start":{"line":125,"column":31},"end":{"line":229,"column":4}},"59":{"start":{"line":127,"column":27},"end":{"line":127,"column":52}},"60":{"start":{"line":128,"column":23},"end":{"line":137,"column":16}},"61":{"start":{"line":132,"column":16},"end":{"line":132,"column":41}},"62":{"start":{"line":133,"column":16},"end":{"line":133,"column":27}},"63":{"start":{"line":139,"column":25},"end":{"line":139,"column":40}},"64":{"start":{"line":141,"column":6},"end":{"line":145,"column":10}},"65":{"start":{"line":141,"column":41},"end":{"line":145,"column":8}},"66":{"start":{"line":147,"column":6},"end":{"line":147,"column":63}},"67":{"start":{"line":150,"column":6},"end":{"line":155,"column":10}},"68":{"start":{"line":150,"column":41},"end":{"line":155,"column":8}},"69":{"start":{"line":152,"column":51},"end":{"line":152,"column":70}},"70":{"start":{"line":158,"column":20},"end":{"line":158,"column":72}},"71":{"start":{"line":158,"column":58},"end":{"line":158,"column":71}},"72":{"start":{"line":159,"column":6},"end":{"line":164,"column":7}},"73":{"start":{"line":160,"column":8},"end":{"line":163,"column":12}},"74":{"start":{"line":160,"column":43},"end":{"line":163,"column":10}},"75":{"start":{"line":162,"column":55},"end":{"line":162,"column":74}},"76":{"start":{"line":167,"column":6},"end":{"line":172,"column":10}},"77":{"start":{"line":167,"column":41},"end":{"line":172,"column":8}},"78":{"start":{"line":169,"column":49},"end":{"line":169,"column":68}},"79":{"start":{"line":170,"column":44},"end":{"line":170,"column":63}},"80":{"start":{"line":175,"column":6},"end":{"line":178,"column":10}},"81":{"start":{"line":175,"column":41},"end":{"line":178,"column":8}},"82":{"start":{"line":181,"column":6},"end":{"line":184,"column":10}},"83":{"start":{"line":181,"column":41},"end":{"line":184,"column":8}},"84":{"start":{"line":187,"column":6},"end":{"line":190,"column":10}},"85":{"start":{"line":187,"column":41},"end":{"line":190,"column":8}},"86":{"start":{"line":193,"column":6},"end":{"line":197,"column":10}},"87":{"start":{"line":193,"column":41},"end":{"line":197,"column":8}},"88":{"start":{"line":203,"column":28},"end":{"line":205,"column":50}},"89":{"start":{"line":205,"column":24},"end":{"line":205,"column":49}},"90":{"start":{"line":206,"column":6},"end":{"line":212,"column":7}},"91":{"start":{"line":207,"column":33},"end":{"line":210,"column":10}},"92":{"start":{"line":211,"column":8},"end":{"line":211,"column":40}},"93":{"start":{"line":218,"column":28},"end":{"line":220,"column":46}},"94":{"start":{"line":220,"column":25},"end":{"line":220,"column":45}},"95":{"start":{"line":221,"column":6},"end":{"line":227,"column":7}},"96":{"start":{"line":222,"column":33},"end":{"line":225,"column":10}},"97":{"start":{"line":226,"column":8},"end":{"line":226,"column":40}}},"fnMap":{"0":{"name":"(anonymous_0)","decl":{"start":{"line":34,"column":4},"end":{"line":34,"column":5}},"loc":{"start":{"line":42,"column":9},"end":{"line":123,"column":5}}},"1":{"name":"(anonymous_1)","decl":{"start":{"line":43,"column":35},"end":{"line":43,"column":38}},"loc":{"start":{"line":43,"column":40},"end":{"line":45,"column":7}}},"2":{"name":"(anonymous_2)","decl":{"start":{"line":44,"column":31},"end":{"line":44,"column":32}},"loc":{"start":{"line":44,"column":40},"end":{"line":44,"column":46}}},"3":{"name":"(anonymous_3)","decl":{"start":{"line":47,"column":35},"end":{"line":47,"column":38}},"loc":{"start":{"line":47,"column":40},"end":{"line":49,"column":7}}},"4":{"name":"(anonymous_4)","decl":{"start":{"line":51,"column":35},"end":{"line":51,"column":38}},"loc":{"start":{"line":51,"column":40},"end":{"line":56,"column":7}}},"5":{"name":"(anonymous_5)","decl":{"start":{"line":58,"column":39},"end":{"line":58,"column":42}},"loc":{"start":{"line":58,"column":44},"end":{"line":61,"column":7}}},"6":{"name":"(anonymous_6)","decl":{"start":{"line":69,"column":37},"end":{"line":69,"column":40}},"loc":{"start":{"line":69,"column":42},"end":{"line":87,"column":7}}},"7":{"name":"(anonymous_7)","decl":{"start":{"line":76,"column":15},"end":{"line":76,"column":16}},"loc":{"start":{"line":76,"column":25},"end":{"line":84,"column":11}}},"8":{"name":"(anonymous_8)","decl":{"start":{"line":78,"column":29},"end":{"line":78,"column":30}},"loc":{"start":{"line":78,"column":38},"end":{"line":82,"column":13}}},"9":{"name":"(anonymous_9)","decl":{"start":{"line":85,"column":18},"end":{"line":85,"column":19}},"loc":{"start":{"line":85,"column":29},"end":{"line":85,"column":49}}},"10":{"name":"(anonymous_10)","decl":{"start":{"line":86,"column":16},"end":{"line":86,"column":17}},"loc":{"start":{"line":86,"column":26},"end":{"line":86,"column":53}}},"11":{"name":"(anonymous_11)","decl":{"start":{"line":89,"column":35},"end":{"line":89,"column":38}},"loc":{"start":{"line":89,"column":40},"end":{"line":110,"column":7}}},"12":{"name":"(anonymous_12)","decl":{"start":{"line":95,"column":37},"end":{"line":95,"column":38}},"loc":{"start":{"line":95,"column":46},"end":{"line":109,"column":9}}},"13":{"name":"(anonymous_13)","decl":{"start":{"line":112,"column":38},"end":{"line":112,"column":41}},"loc":{"start":{"line":112,"column":43},"end":{"line":120,"column":7}}},"14":{"name":"(anonymous_14)","decl":{"start":{"line":125,"column":14},"end":{"line":125,"column":15}},"loc":{"start":{"line":125,"column":31},"end":{"line":229,"column":4}}},"15":{"name":"(anonymous_15)","decl":{"start":{"line":126,"column":4},"end":{"line":126,"column":13}},"loc":{"start":{"line":126,"column":47},"end":{"line":148,"column":5}}},"16":{"name":"(anonymous_16)","decl":{"start":{"line":131,"column":22},"end":{"line":131,"column":23}},"loc":{"start":{"line":131,"column":37},"end":{"line":134,"column":15}}},"17":{"name":"(anonymous_17)","decl":{"start":{"line":141,"column":29},"end":{"line":141,"column":30}},"loc":{"start":{"line":141,"column":41},"end":{"line":145,"column":8}}},"18":{"name":"(anonymous_18)","decl":{"start":{"line":149,"column":4},"end":{"line":149,"column":17}},"loc":{"start":{"line":149,"column":30},"end":{"line":156,"column":5}}},"19":{"name":"(anonymous_19)","decl":{"start":{"line":150,"column":29},"end":{"line":150,"column":30}},"loc":{"start":{"line":150,"column":41},"end":{"line":155,"column":8}}},"20":{"name":"(anonymous_20)","decl":{"start":{"line":152,"column":42},"end":{"line":152,"column":43}},"loc":{"start":{"line":152,"column":51},"end":{"line":152,"column":70}}},"21":{"name":"(anonymous_21)","decl":{"start":{"line":157,"column":4},"end":{"line":157,"column":20}},"loc":{"start":{"line":157,"column":31},"end":{"line":165,"column":5}}},"22":{"name":"(anonymous_22)","decl":{"start":{"line":158,"column":49},"end":{"line":158,"column":50}},"loc":{"start":{"line":158,"column":58},"end":{"line":158,"column":71}}},"23":{"name":"(anonymous_23)","decl":{"start":{"line":160,"column":31},"end":{"line":160,"column":32}},"loc":{"start":{"line":160,"column":43},"end":{"line":163,"column":10}}},"24":{"name":"(anonymous_24)","decl":{"start":{"line":162,"column":46},"end":{"line":162,"column":47}},"loc":{"start":{"line":162,"column":55},"end":{"line":162,"column":74}}},"25":{"name":"(anonymous_25)","decl":{"start":{"line":166,"column":4},"end":{"line":166,"column":19}},"loc":{"start":{"line":166,"column":32},"end":{"line":173,"column":5}}},"26":{"name":"(anonymous_26)","decl":{"start":{"line":167,"column":29},"end":{"line":167,"column":30}},"loc":{"start":{"line":167,"column":41},"end":{"line":172,"column":8}}},"27":{"name":"(anonymous_27)","decl":{"start":{"line":169,"column":40},"end":{"line":169,"column":41}},"loc":{"start":{"line":169,"column":49},"end":{"line":169,"column":68}}},"28":{"name":"(anonymous_28)","decl":{"start":{"line":170,"column":35},"end":{"line":170,"column":36}},"loc":{"start":{"line":170,"column":44},"end":{"line":170,"column":63}}},"29":{"name":"(anonymous_29)","decl":{"start":{"line":174,"column":4},"end":{"line":174,"column":15}},"loc":{"start":{"line":174,"column":35},"end":{"line":179,"column":5}}},"30":{"name":"(anonymous_30)","decl":{"start":{"line":175,"column":29},"end":{"line":175,"column":30}},"loc":{"start":{"line":175,"column":41},"end":{"line":178,"column":8}}},"31":{"name":"(anonymous_31)","decl":{"start":{"line":180,"column":4},"end":{"line":180,"column":18}},"loc":{"start":{"line":180,"column":41},"end":{"line":185,"column":5}}},"32":{"name":"(anonymous_32)","decl":{"start":{"line":181,"column":29},"end":{"line":181,"column":30}},"loc":{"start":{"line":181,"column":41},"end":{"line":184,"column":8}}},"33":{"name":"(anonymous_33)","decl":{"start":{"line":186,"column":4},"end":{"line":186,"column":20}},"loc":{"start":{"line":186,"column":20},"end":{"line":191,"column":5}}},"34":{"name":"(anonymous_34)","decl":{"start":{"line":187,"column":29},"end":{"line":187,"column":30}},"loc":{"start":{"line":187,"column":41},"end":{"line":190,"column":8}}},"35":{"name":"(anonymous_35)","decl":{"start":{"line":192,"column":4},"end":{"line":192,"column":18}},"loc":{"start":{"line":192,"column":57},"end":{"line":198,"column":5}}},"36":{"name":"(anonymous_36)","decl":{"start":{"line":193,"column":29},"end":{"line":193,"column":30}},"loc":{"start":{"line":193,"column":41},"end":{"line":197,"column":8}}},"37":{"name":"(anonymous_37)","decl":{"start":{"line":199,"column":4},"end":{"line":199,"column":20}},"loc":{"start":{"line":201,"column":55},"end":{"line":213,"column":5}}},"38":{"name":"(anonymous_38)","decl":{"start":{"line":205,"column":14},"end":{"line":205,"column":15}},"loc":{"start":{"line":205,"column":24},"end":{"line":205,"column":49}}},"39":{"name":"(anonymous_39)","decl":{"start":{"line":214,"column":4},"end":{"line":214,"column":27}},"loc":{"start":{"line":216,"column":35},"end":{"line":228,"column":5}}},"40":{"name":"(anonymous_40)","decl":{"start":{"line":220,"column":14},"end":{"line":220,"column":15}},"loc":{"start":{"line":220,"column":25},"end":{"line":220,"column":45}}}},"branchMap":{"0":{"loc":{"start":{"line":48,"column":15},"end":{"line":48,"column":74}},"type":"cond-expr","locations":[{"start":{"line":48,"column":53},"end":{"line":48,"column":60}},{"start":{"line":48,"column":63},"end":{"line":48,"column":74}}]},"1":{"loc":{"start":{"line":54,"column":11},"end":{"line":54,"column":72}},"type":"cond-expr","locations":[{"start":{"line":54,"column":49},"end":{"line":54,"column":68}},{"start":{"line":54,"column":71},"end":{"line":54,"column":72}}]},"2":{"loc":{"start":{"line":72,"column":24},"end":{"line":72,"column":48}},"type":"binary-expr","locations":[{"start":{"line":72,"column":24},"end":{"line":72,"column":42}},{"start":{"line":72,"column":46},"end":{"line":72,"column":48}}]},"3":{"loc":{"start":{"line":73,"column":8},"end":{"line":73,"column":71}},"type":"if","locations":[{"start":{"line":73,"column":8},"end":{"line":73,"column":71}}]},"4":{"loc":{"start":{"line":73,"column":12},"end":{"line":73,"column":55}},"type":"binary-expr","locations":[{"start":{"line":73,"column":12},"end":{"line":73,"column":31}},{"start":{"line":73,"column":35},"end":{"line":73,"column":55}}]},"5":{"loc":{"start":{"line":81,"column":14},"end":{"line":81,"column":59}},"type":"if","locations":[{"start":{"line":81,"column":14},"end":{"line":81,"column":59}}]},"6":{"loc":{"start":{"line":92,"column":23},"end":{"line":92,"column":57}},"type":"binary-expr","locations":[{"start":{"line":92,"column":23},"end":{"line":92,"column":42}},{"start":{"line":92,"column":46},"end":{"line":92,"column":57}}]},"7":{"loc":{"start":{"line":93,"column":22},"end":{"line":93,"column":54}},"type":"binary-expr","locations":[{"start":{"line":93,"column":22},"end":{"line":93,"column":40}},{"start":{"line":93,"column":44},"end":{"line":93,"column":54}}]},"8":{"loc":{"start":{"line":94,"column":8},"end":{"line":94,"column":79}},"type":"if","locations":[{"start":{"line":94,"column":8},"end":{"line":94,"column":79}}]},"9":{"loc":{"start":{"line":94,"column":12},"end":{"line":94,"column":58}},"type":"binary-expr","locations":[{"start":{"line":94,"column":12},"end":{"line":94,"column":34}},{"start":{"line":94,"column":38},"end":{"line":94,"column":58}}]},"10":{"loc":{"start":{"line":97,"column":12},"end":{"line":99,"column":52}},"type":"cond-expr","locations":[{"start":{"line":98,"column":16},"end":{"line":98,"column":54}},{"start":{"line":99,"column":16},"end":{"line":99,"column":52}}]},"11":{"loc":{"start":{"line":98,"column":16},"end":{"line":98,"column":54}},"type":"binary-expr","locations":[{"start":{"line":98,"column":16},"end":{"line":98,"column":49}},{"start":{"line":98,"column":53},"end":{"line":98,"column":54}}]},"12":{"loc":{"start":{"line":99,"column":23},"end":{"line":99,"column":51}},"type":"binary-expr","locations":[{"start":{"line":99,"column":23},"end":{"line":99,"column":46}},{"start":{"line":99,"column":50},"end":{"line":99,"column":51}}]},"13":{"loc":{"start":{"line":101,"column":12},"end":{"line":103,"column":52}},"type":"cond-expr","locations":[{"start":{"line":102,"column":16},"end":{"line":102,"column":54}},{"start":{"line":103,"column":16},"end":{"line":103,"column":52}}]},"14":{"loc":{"start":{"line":102,"column":16},"end":{"line":102,"column":54}},"type":"binary-expr","locations":[{"start":{"line":102,"column":16},"end":{"line":102,"column":49}},{"start":{"line":102,"column":53},"end":{"line":102,"column":54}}]},"15":{"loc":{"start":{"line":103,"column":23},"end":{"line":103,"column":51}},"type":"binary-expr","locations":[{"start":{"line":103,"column":23},"end":{"line":103,"column":46}},{"start":{"line":103,"column":50},"end":{"line":103,"column":51}}]},"16":{"loc":{"start":{"line":104,"column":10},"end":{"line":107,"column":11}},"type":"if","locations":[{"start":{"line":104,"column":10},"end":{"line":107,"column":11}}]},"17":{"loc":{"start":{"line":104,"column":14},"end":{"line":104,"column":30}},"type":"binary-expr","locations":[{"start":{"line":104,"column":14},"end":{"line":104,"column":20}},{"start":{"line":104,"column":24},"end":{"line":104,"column":30}}]},"18":{"loc":{"start":{"line":105,"column":12},"end":{"line":105,"column":59}},"type":"if","locations":[{"start":{"line":105,"column":12},"end":{"line":105,"column":59}}]},"19":{"loc":{"start":{"line":106,"column":12},"end":{"line":106,"column":54}},"type":"if","locations":[{"start":{"line":106,"column":12},"end":{"line":106,"column":54}}]},"20":{"loc":{"start":{"line":116,"column":10},"end":{"line":118,"column":27}},"type":"cond-expr","locations":[{"start":{"line":117,"column":14},"end":{"line":117,"column":49}},{"start":{"line":118,"column":14},"end":{"line":118,"column":27}}]},"21":{"loc":{"start":{"line":126,"column":31},"end":{"line":126,"column":47}},"type":"default-arg","locations":[{"start":{"line":126,"column":42},"end":{"line":126,"column":47}}]},"22":{"loc":{"start":{"line":128,"column":23},"end":{"line":137,"column":16}},"type":"cond-expr","locations":[{"start":{"line":129,"column":10},"end":{"line":135,"column":null}},{"start":{"line":137,"column":10},"end":{"line":137,"column":16}}]},"23":{"loc":{"start":{"line":144,"column":21},"end":{"line":144,"column":53}},"type":"cond-expr","locations":[{"start":{"line":144,"column":32},"end":{"line":144,"column":49}},{"start":{"line":144,"column":52},"end":{"line":144,"column":53}}]},"24":{"loc":{"start":{"line":147,"column":13},"end":{"line":147,"column":62}},"type":"cond-expr","locations":[{"start":{"line":147,"column":24},"end":{"line":147,"column":49}},{"start":{"line":147,"column":52},"end":{"line":147,"column":62}}]},"25":{"loc":{"start":{"line":152,"column":20},"end":{"line":154,"column":40}},"type":"cond-expr","locations":[{"start":{"line":153,"column":12},"end":{"line":153,"column":28}},{"start":{"line":154,"column":12},"end":{"line":154,"column":40}}]},"26":{"loc":{"start":{"line":159,"column":6},"end":{"line":164,"column":7}},"type":"if","locations":[{"start":{"line":159,"column":6},"end":{"line":164,"column":7}}]},"27":{"loc":{"start":{"line":169,"column":19},"end":{"line":171,"column":39}},"type":"cond-expr","locations":[{"start":{"line":170,"column":12},"end":{"line":170,"column":64}},{"start":{"line":171,"column":12},"end":{"line":171,"column":39}}]},"28":{"loc":{"start":{"line":192,"column":39},"end":{"line":192,"column":57}},"type":"default-arg","locations":[{"start":{"line":192,"column":52},"end":{"line":192,"column":57}}]},"29":{"loc":{"start":{"line":196,"column":21},"end":{"line":196,"column":55}},"type":"cond-expr","locations":[{"start":{"line":196,"column":34},"end":{"line":196,"column":35}},{"start":{"line":196,"column":38},"end":{"line":196,"column":55}}]},"30":{"loc":{"start":{"line":206,"column":6},"end":{"line":212,"column":7}},"type":"if","locations":[{"start":{"line":206,"column":6},"end":{"line":212,"column":7}}]},"31":{"loc":{"start":{"line":221,"column":6},"end":{"line":227,"column":7}},"type":"if","locations":[{"start":{"line":221,"column":6},"end":{"line":227,"column":7}}]}},"s":{"0":3,"1":3,"2":3,"3":3,"4":3,"5":3,"6":3,"7":3,"8":5,"9":1,"10":2,"11":5,"12":16,"13":5,"14":13,"15":5,"16":2,"17":2,"18":5,"19":5,"20":5,"21":7,"22":7,"23":7,"24":7,"25":6,"26":1,"27":1,"28":10,"29":10,"30":20,"31":20,"32":3,"33":10,"34":10,"35":1,"36":5,"37":7,"38":7,"39":7,"40":7,"41":7,"42":4,"43":3,"44":52,"45":52,"46":52,"47":43,"48":27,"49":16,"50":16,"51":9,"52":5,"53":8,"54":8,"55":8,"56":8,"57":5,"58":5,"59":14,"60":14,"61":25,"62":25,"63":14,"64":14,"65":14,"66":14,"67":4,"68":4,"69":2,"70":3,"71":4,"72":3,"73":3,"74":3,"75":4,"76":7,"77":7,"78":7,"79":3,"80":5,"81":5,"82":1,"83":1,"84":1,"85":1,"86":5,"87":5,"88":11,"89":56,"90":11,"91":11,"92":11,"93":2,"94":2,"95":2,"96":2,"97":2},"f":{"0":5,"1":1,"2":2,"3":16,"4":13,"5":2,"6":7,"7":10,"8":20,"9":10,"10":1,"11":7,"12":52,"13":8,"14":5,"15":14,"16":25,"17":14,"18":4,"19":4,"20":2,"21":3,"22":4,"23":3,"24":4,"25":7,"26":7,"27":7,"28":3,"29":5,"30":5,"31":1,"32":1,"33":1,"34":1,"35":5,"36":5,"37":11,"38":56,"39":2,"40":2},"b":{"0":[12,4],"1":[10,3],"2":[7,6],"3":[6],"4":[7,7],"5":[3],"6":[7,4],"7":[7,4],"8":[4],"9":[7,3],"10":[31,21],"11":[31,9],"12":[21,0],"13":[31,21],"14":[31,9],"15":[21,0],"16":[43],"17":[52,43],"18":[27],"19":[16],"20":[7,1],"21":[10],"22":[2,12],"23":[2,12],"24":[2,12],"25":[1,3],"26":[3],"27":[2,5],"28":[3],"29":[2,3],"30":[11],"31":[2]}}
,"D:\\RollingScopes\\CLONE\\TASK3\\TASK3-ORIGINAL\\src\\app\\shared\\button-icon\\button-icon.component.html": {"path":"D:\\RollingScopes\\CLONE\\TASK3\\TASK3-ORIGINAL\\src\\app\\shared\\button-icon\\button-icon.component.html","statementMap":{"0":{"start":{"line":1,"column":0},"end":{"line":1,"column":284}}},"fnMap":{},"branchMap":{},"s":{"0":2},"f":{},"b":{},"_coverageSchema":"1a1c01bbd47fc00a2c39e90264f33305004495a9","hash":"5d0fb513719ebfddbcf9cd8f95eb2a4a1b6f80bb"}
,"D:\\RollingScopes\\CLONE\\TASK3\\TASK3-ORIGINAL\\src\\app\\shared\\button-icon\\button-icon.component.ts": {"path":"D:\\RollingScopes\\CLONE\\TASK3\\TASK3-ORIGINAL\\src\\app\\shared\\button-icon\\button-icon.component.ts","statementMap":{"0":{"start":{"line":1,"column":0},"end":{"line":1,"column":74}},"1":{"start":{"line":2,"column":0},"end":{"line":2,"column":57}},"2":{"start":{"line":3,"column":0},"end":{"line":3,"column":55}},"3":{"start":{"line":4,"column":0},"end":{"line":4,"column":67}},"4":{"start":{"line":16,"column":18},"end":{"line":16,"column":null}},"5":{"start":{"line":19,"column":4},"end":{"line":19,"column":50}},"6":{"start":{"line":15,"column":13},"end":{"line":15,"column":32}},"7":{"start":{"line":15,"column":13},"end":{"line":21,"column":null}}},"fnMap":{"0":{"name":"(anonymous_0)","decl":{"start":{"line":15,"column":7},"end":{"line":15,"column":13}},"loc":{"start":{"line":15,"column":7},"end":{"line":21,"column":null}}},"1":{"name":"(anonymous_1)","decl":{"start":{"line":18,"column":2},"end":{"line":18,"column":9}},"loc":{"start":{"line":18,"column":9},"end":{"line":20,"column":3}}}},"branchMap":{},"s":{"0":2,"1":2,"2":2,"3":2,"4":4,"5":1,"6":2,"7":2},"f":{"0":4,"1":1},"b":{}}
,"D:\\RollingScopes\\CLONE\\TASK3\\TASK3-ORIGINAL\\src\\app\\shared\\custom-button\\custom-button.component.html": {"path":"D:\\RollingScopes\\CLONE\\TASK3\\TASK3-ORIGINAL\\src\\app\\shared\\custom-button\\custom-button.component.html","statementMap":{"0":{"start":{"line":1,"column":0},"end":{"line":1,"column":188}}},"fnMap":{},"branchMap":{},"s":{"0":1},"f":{},"b":{},"_coverageSchema":"1a1c01bbd47fc00a2c39e90264f33305004495a9","hash":"162f43d47cb5dcddae2e79563486079e802121d5"}
,"D:\\RollingScopes\\CLONE\\TASK3\\TASK3-ORIGINAL\\src\\app\\shared\\custom-button\\custom-button.component.ts": {"path":"D:\\RollingScopes\\CLONE\\TASK3\\TASK3-ORIGINAL\\src\\app\\shared\\custom-button\\custom-button.component.ts","statementMap":{"0":{"start":{"line":1,"column":0},"end":{"line":1,"column":74}},"1":{"start":{"line":2,"column":0},"end":{"line":2,"column":53}},"2":{"start":{"line":3,"column":0},"end":{"line":3,"column":55}},"3":{"start":{"line":15,"column":18},"end":{"line":15,"column":null}},"4":{"start":{"line":14,"column":13},"end":{"line":14,"column":34}},"5":{"start":{"line":14,"column":13},"end":{"line":16,"column":null}}},"fnMap":{"0":{"name":"(anonymous_0)","decl":{"start":{"line":14,"column":7},"end":{"line":14,"column":13}},"loc":{"start":{"line":14,"column":7},"end":{"line":16,"column":null}}}},"branchMap":{},"s":{"0":1,"1":1,"2":1,"3":1,"4":1,"5":1},"f":{"0":1},"b":{}}
,"D:\\RollingScopes\\CLONE\\TASK3\\TASK3-ORIGINAL\\src\\app\\youtube\\components\\search-item.model.ts": {"path":"D:\\RollingScopes\\CLONE\\TASK3\\TASK3-ORIGINAL\\src\\app\\youtube\\components\\search-item.model.ts","statementMap":{"0":{"start":{"line":82,"column":0},"end":{"line":82,"column":null}},"1":{"start":{"line":83,"column":2},"end":{"line":83,"column":null}},"2":{"start":{"line":84,"column":2},"end":{"line":84,"column":null}},"3":{"start":{"line":85,"column":2},"end":{"line":85,"column":null}},"4":{"start":{"line":86,"column":2},"end":{"line":86,"column":null}},"5":{"start":{"line":87,"column":2},"end":{"line":87,"column":null}},"6":{"start":{"line":88,"column":2},"end":{"line":88,"column":null}},"7":{"start":{"line":89,"column":2},"end":{"line":89,"column":null}},"8":{"start":{"line":90,"column":2},"end":{"line":90,"column":null}},"9":{"start":{"line":91,"column":2},"end":{"line":91,"column":null}},"10":{"start":{"line":92,"column":2},"end":{"line":92,"column":null}},"11":{"start":{"line":93,"column":2},"end":{"line":93,"column":null}},"12":{"start":{"line":94,"column":2},"end":{"line":94,"column":null}},"13":{"start":{"line":95,"column":2},"end":{"line":95,"column":null}},"14":{"start":{"line":96,"column":2},"end":{"line":96,"column":null}},"15":{"start":{"line":97,"column":2},"end":{"line":97,"column":null}},"16":{"start":{"line":98,"column":2},"end":{"line":98,"column":null}},"17":{"start":{"line":99,"column":2},"end":{"line":99,"column":null}},"18":{"start":{"line":100,"column":2},"end":{"line":100,"column":null}},"19":{"start":{"line":101,"column":2},"end":{"line":101,"column":null}},"20":{"start":{"line":102,"column":2},"end":{"line":102,"column":null}},"21":{"start":{"line":103,"column":2},"end":{"line":103,"column":null}},"22":{"start":{"line":104,"column":2},"end":{"line":104,"column":null}},"23":{"start":{"line":105,"column":2},"end":{"line":105,"column":null}},"24":{"start":{"line":108,"column":0},"end":{"line":108,"column":null}},"25":{"start":{"line":109,"column":2},"end":{"line":109,"column":null}},"26":{"start":{"line":110,"column":2},"end":{"line":110,"column":null}},"27":{"start":{"line":111,"column":2},"end":{"line":111,"column":null}},"28":{"start":{"line":114,"column":0},"end":{"line":114,"column":null}},"29":{"start":{"line":115,"column":2},"end":{"line":115,"column":null}},"30":{"start":{"line":116,"column":2},"end":{"line":116,"column":null}},"31":{"start":{"line":117,"column":2},"end":{"line":117,"column":null}}},"fnMap":{"0":{"name":"(anonymous_0)","decl":{"start":{"line":82,"column":0},"end":{"line":82,"column":12}},"loc":{"start":{"line":82,"column":20},"end":{"line":106,"column":1}}},"1":{"name":"(anonymous_1)","decl":{"start":{"line":108,"column":0},"end":{"line":108,"column":12}},"loc":{"start":{"line":108,"column":18},"end":{"line":112,"column":1}}},"2":{"name":"(anonymous_2)","decl":{"start":{"line":114,"column":0},"end":{"line":114,"column":12}},"loc":{"start":{"line":114,"column":17},"end":{"line":118,"column":1}}}},"branchMap":{"0":{"loc":{"start":{"line":82,"column":12},"end":{"line":82,"column":null}},"type":"binary-expr","locations":[{"start":{"line":82,"column":12},"end":{"line":82,"column":20}},{"start":{"line":82,"column":20},"end":{"line":82,"column":null}}]},"1":{"loc":{"start":{"line":108,"column":12},"end":{"line":108,"column":null}},"type":"binary-expr","locations":[{"start":{"line":108,"column":12},"end":{"line":108,"column":18}},{"start":{"line":108,"column":18},"end":{"line":108,"column":null}}]},"2":{"loc":{"start":{"line":114,"column":12},"end":{"line":114,"column":null}},"type":"binary-expr","locations":[{"start":{"line":114,"column":12},"end":{"line":114,"column":17}},{"start":{"line":114,"column":17},"end":{"line":114,"column":null}}]}},"s":{"0":3,"1":3,"2":3,"3":3,"4":3,"5":3,"6":3,"7":3,"8":3,"9":3,"10":3,"11":3,"12":3,"13":3,"14":3,"15":3,"16":3,"17":3,"18":3,"19":3,"20":3,"21":3,"22":3,"23":3,"24":3,"25":3,"26":3,"27":3,"28":3,"29":3,"30":3,"31":3},"f":{"0":3,"1":3,"2":3},"b":{"0":[3,3],"1":[3,3],"2":[3,3]}}
,"D:\\RollingScopes\\CLONE\\TASK3\\TASK3-ORIGINAL\\src\\app\\youtube\\components\\item-button\\item-button.component.ts": {"path":"D:\\RollingScopes\\CLONE\\TASK3\\TASK3-ORIGINAL\\src\\app\\youtube\\components\\item-button\\item-button.component.ts","statementMap":{"0":{"start":{"line":1,"column":0},"end":{"line":1,"column":74}},"1":{"start":{"line":2,"column":0},"end":{"line":2,"column":42}},"2":{"start":{"line":3,"column":0},"end":{"line":3,"column":55}},"3":{"start":{"line":4,"column":0},"end":{"line":4,"column":48}},"4":{"start":{"line":19,"column":21},"end":{"line":19,"column":null}},"5":{"start":{"line":20,"column":20},"end":{"line":20,"column":null}},"6":{"start":{"line":21,"column":11},"end":{"line":21,"column":31}},"7":{"start":{"line":18,"column":13},"end":{"line":18,"column":32}},"8":{"start":{"line":18,"column":13},"end":{"line":22,"column":null}}},"fnMap":{"0":{"name":"(anonymous_0)","decl":{"start":{"line":18,"column":7},"end":{"line":18,"column":13}},"loc":{"start":{"line":18,"column":7},"end":{"line":22,"column":null}}}},"branchMap":{},"s":{"0":1,"1":1,"2":1,"3":1,"4":1,"5":1,"6":1,"7":1,"8":1},"f":{"0":1},"b":{}}
,"D:\\RollingScopes\\CLONE\\TASK3\\TASK3-ORIGINAL\\src\\app\\youtube\\components\\search-item\\search-item.component.html": {"path":"D:\\RollingScopes\\CLONE\\TASK3\\TASK3-ORIGINAL\\src\\app\\youtube\\components\\search-item\\search-item.component.html","statementMap":{"0":{"start":{"line":1,"column":0},"end":{"line":1,"column":1544}}},"fnMap":{},"branchMap":{},"s":{"0":1},"f":{},"b":{},"_coverageSchema":"1a1c01bbd47fc00a2c39e90264f33305004495a9","hash":"b6ea9bf18721c2810542b83f5effb184f3d2c7c1"}
,"D:\\RollingScopes\\CLONE\\TASK3\\TASK3-ORIGINAL\\src\\app\\youtube\\components\\search-item\\search-item.component.ts": {"path":"D:\\RollingScopes\\CLONE\\TASK3\\TASK3-ORIGINAL\\src\\app\\youtube\\components\\search-item\\search-item.component.ts","statementMap":{"0":{"start":{"line":1,"column":0},"end":{"line":1,"column":null}},"1":{"start":{"line":9,"column":0},"end":{"line":9,"column":52}},"2":{"start":{"line":10,"column":0},"end":{"line":10,"column":57}},"3":{"start":{"line":11,"column":0},"end":{"line":11,"column":55}},"4":{"start":{"line":12,"column":0},"end":{"line":12,"column":56}},"5":{"start":{"line":14,"column":0},"end":{"line":14,"column":69}},"6":{"start":{"line":15,"column":0},"end":{"line":15,"column":88}},"7":{"start":{"line":16,"column":0},"end":{"line":16,"column":81}},"8":{"start":{"line":17,"column":0},"end":{"line":17,"column":94}},"9":{"start":{"line":18,"column":0},"end":{"line":18,"column":60}},"10":{"start":{"line":19,"column":0},"end":{"line":19,"column":75}},"11":{"start":{"line":53,"column":21},"end":{"line":53,"column":45}},"12":{"start":{"line":54,"column":21},"end":{"line":54,"column":47}},"13":{"start":{"line":40,"column":19},"end":{"line":40,"column":null}},"14":{"start":{"line":41,"column":11},"end":{"line":41,"column":null}},"15":{"start":{"line":42,"column":11},"end":{"line":42,"column":null}},"16":{"start":{"line":43,"column":11},"end":{"line":43,"column":null}},"17":{"start":{"line":44,"column":25},"end":{"line":44,"column":null}},"18":{"start":{"line":45,"column":11},"end":{"line":45,"column":null}},"19":{"start":{"line":46,"column":11},"end":{"line":46,"column":31}},"20":{"start":{"line":49,"column":2},"end":{"line":49,"column":26}},"21":{"start":{"line":50,"column":2},"end":{"line":50,"column":22}},"22":{"start":{"line":58,"column":4},"end":{"line":58,"column":28}},"23":{"start":{"line":59,"column":4},"end":{"line":59,"column":43}},"24":{"start":{"line":63,"column":4},"end":{"line":63,"column":35}},"25":{"start":{"line":64,"column":4},"end":{"line":64,"column":67}},"26":{"start":{"line":68,"column":4},"end":{"line":72,"column":5}},"27":{"start":{"line":69,"column":6},"end":{"line":69,"column":40}},"28":{"start":{"line":71,"column":6},"end":{"line":71,"column":39}},"29":{"start":{"line":76,"column":4},"end":{"line":78,"column":6}},"30":{"start":{"line":77,"column":6},"end":{"line":77,"column":31}},"31":{"start":{"line":79,"column":4},"end":{"line":79,"column":34}},"32":{"start":{"line":80,"column":4},"end":{"line":84,"column":7}},"33":{"start":{"line":85,"column":4},"end":{"line":87,"column":13}},"34":{"start":{"line":86,"column":6},"end":{"line":86,"column":36}},"35":{"start":{"line":39,"column":13},"end":{"line":39,"column":32}},"36":{"start":{"line":39,"column":13},"end":{"line":89,"column":null}}},"fnMap":{"0":{"name":"(anonymous_0)","decl":{"start":{"line":52,"column":2},"end":{"line":52,"column":null}},"loc":{"start":{"line":54,"column":47},"end":{"line":55,"column":6}}},"1":{"name":"(anonymous_1)","decl":{"start":{"line":57,"column":2},"end":{"line":57,"column":13}},"loc":{"start":{"line":57,"column":13},"end":{"line":60,"column":3}}},"2":{"name":"(anonymous_2)","decl":{"start":{"line":62,"column":2},"end":{"line":62,"column":10}},"loc":{"start":{"line":62,"column":26},"end":{"line":65,"column":3}}},"3":{"name":"(anonymous_3)","decl":{"start":{"line":67,"column":2},"end":{"line":67,"column":13}},"loc":{"start":{"line":67,"column":13},"end":{"line":73,"column":3}}},"4":{"name":"(anonymous_4)","decl":{"start":{"line":75,"column":2},"end":{"line":75,"column":20}},"loc":{"start":{"line":75,"column":20},"end":{"line":88,"column":3}}},"5":{"name":"(anonymous_5)","decl":{"start":{"line":76,"column":75},"end":{"line":76,"column":78}},"loc":{"start":{"line":77,"column":6},"end":{"line":77,"column":31}}},"6":{"name":"(anonymous_6)","decl":{"start":{"line":85,"column":15},"end":{"line":85,"column":18}},"loc":{"start":{"line":85,"column":20},"end":{"line":87,"column":5}}}},"branchMap":{"0":{"loc":{"start":{"line":68,"column":4},"end":{"line":72,"column":5}},"type":"if","locations":[{"start":{"line":68,"column":4},"end":{"line":72,"column":5}},{"start":{"line":70,"column":11},"end":{"line":72,"column":5}}]}},"s":{"0":1,"1":1,"2":1,"3":1,"4":1,"5":1,"6":1,"7":1,"8":1,"9":1,"10":1,"11":6,"12":6,"13":6,"14":6,"15":6,"16":6,"17":6,"18":6,"19":6,"20":6,"21":6,"22":7,"23":7,"24":1,"25":1,"26":2,"27":1,"28":1,"29":2,"30":1,"31":2,"32":2,"33":2,"34":2,"35":1,"36":1},"f":{"0":6,"1":7,"2":1,"3":2,"4":2,"5":1,"6":2},"b":{"0":[1,1]}}
,"D:\\RollingScopes\\CLONE\\TASK3\\TASK3-ORIGINAL\\src\\app\\youtube\\directives\\publication-marker.ts": {"path":"D:\\RollingScopes\\CLONE\\TASK3\\TASK3-ORIGINAL\\src\\app\\youtube\\directives\\publication-marker.ts","statementMap":{"0":{"start":{"line":1,"column":0},"end":{"line":1,"column":69}},"1":{"start":{"line":10,"column":31},"end":{"line":10,"column":50}},"2":{"start":{"line":8,"column":34},"end":{"line":8,"column":null}},"3":{"start":{"line":13,"column":23},"end":{"line":13,"column":50}},"4":{"start":{"line":14,"column":4},"end":{"line":14,"column":28}},"5":{"start":{"line":14,"column":21},"end":{"line":14,"column":28}},"6":{"start":{"line":15,"column":31},"end":{"line":15,"column":61}},"7":{"start":{"line":16,"column":4},"end":{"line":16,"column":49}},"8":{"start":{"line":16,"column":42},"end":{"line":16,"column":49}},"9":{"start":{"line":17,"column":21},"end":{"line":17,"column":52}},"10":{"start":{"line":19,"column":21},"end":{"line":19,"column":53}},"11":{"start":{"line":22,"column":4},"end":{"line":30,"column":5}},"12":{"start":{"line":23,"column":6},"end":{"line":23,"column":27}},"13":{"start":{"line":24,"column":11},"end":{"line":30,"column":5}},"14":{"start":{"line":25,"column":6},"end":{"line":25,"column":22}},"15":{"start":{"line":26,"column":11},"end":{"line":30,"column":5}},"16":{"start":{"line":27,"column":6},"end":{"line":27,"column":23}},"17":{"start":{"line":29,"column":6},"end":{"line":29,"column":20}},"18":{"start":{"line":32,"column":4},"end":{"line":32,"column":61}},"19":{"start":{"line":7,"column":13},"end":{"line":7,"column":39}},"20":{"start":{"line":7,"column":13},"end":{"line":34,"column":null}}},"fnMap":{"0":{"name":"(anonymous_0)","decl":{"start":{"line":10,"column":2},"end":{"line":10,"column":31}},"loc":{"start":{"line":10,"column":50},"end":{"line":10,"column":54}}},"1":{"name":"(anonymous_1)","decl":{"start":{"line":12,"column":2},"end":{"line":12,"column":10}},"loc":{"start":{"line":12,"column":10},"end":{"line":33,"column":3}}}},"branchMap":{"0":{"loc":{"start":{"line":14,"column":4},"end":{"line":14,"column":28}},"type":"if","locations":[{"start":{"line":14,"column":4},"end":{"line":14,"column":28}}]},"1":{"loc":{"start":{"line":16,"column":4},"end":{"line":16,"column":49}},"type":"if","locations":[{"start":{"line":16,"column":4},"end":{"line":16,"column":49}}]},"2":{"loc":{"start":{"line":22,"column":4},"end":{"line":30,"column":5}},"type":"if","locations":[{"start":{"line":22,"column":4},"end":{"line":30,"column":5}},{"start":{"line":24,"column":11},"end":{"line":30,"column":5}}]},"3":{"loc":{"start":{"line":24,"column":11},"end":{"line":30,"column":5}},"type":"if","locations":[{"start":{"line":24,"column":11},"end":{"line":30,"column":5}},{"start":{"line":26,"column":11},"end":{"line":30,"column":5}}]},"4":{"loc":{"start":{"line":26,"column":11},"end":{"line":30,"column":5}},"type":"if","locations":[{"start":{"line":26,"column":11},"end":{"line":30,"column":5}},{"start":{"line":28,"column":11},"end":{"line":30,"column":5}}]}},"s":{"0":2,"1":6,"2":6,"3":6,"4":6,"5":2,"6":4,"7":4,"8":0,"9":4,"10":4,"11":4,"12":1,"13":3,"14":1,"15":2,"16":1,"17":1,"18":4,"19":2,"20":2},"f":{"0":6,"1":6},"b":{"0":[2],"1":[0],"2":[1,3],"3":[1,2],"4":[1,1]}}
,"D:\\RollingScopes\\CLONE\\TASK3\\TASK3-ORIGINAL\\src\\app\\youtube\\pipes\\format-count.ts": {"path":"D:\\RollingScopes\\CLONE\\TASK3\\TASK3-ORIGINAL\\src\\app\\youtube\\pipes\\format-count.ts","statementMap":{"0":{"start":{"line":1,"column":0},"end":{"line":1,"column":52}},"1":{"start":{"line":7,"column":7},"end":{"line":19,"column":null}},"2":{"start":{"line":9,"column":4},"end":{"line":9,"column":33}},"3":{"start":{"line":9,"column":16},"end":{"line":9,"column":33}},"4":{"start":{"line":10,"column":21},"end":{"line":10,"column":34}},"5":{"start":{"line":11,"column":4},"end":{"line":13,"column":5}},"6":{"start":{"line":12,"column":6},"end":{"line":12,"column":65}},"7":{"start":{"line":14,"column":4},"end":{"line":16,"column":5}},"8":{"start":{"line":15,"column":6},"end":{"line":15,"column":60}},"9":{"start":{"line":17,"column":4},"end":{"line":17,"column":17}},"10":{"start":{"line":7,"column":13},"end":{"line":7,"column":28}},"11":{"start":{"line":7,"column":13},"end":{"line":19,"column":null}}},"fnMap":{"0":{"name":"(anonymous_0)","decl":{"start":{"line":8,"column":2},"end":{"line":8,"column":11}},"loc":{"start":{"line":8,"column":26},"end":{"line":18,"column":3}}}},"branchMap":{"0":{"loc":{"start":{"line":9,"column":4},"end":{"line":9,"column":33}},"type":"if","locations":[{"start":{"line":9,"column":4},"end":{"line":9,"column":33}}]},"1":{"loc":{"start":{"line":11,"column":4},"end":{"line":13,"column":5}},"type":"if","locations":[{"start":{"line":11,"column":4},"end":{"line":13,"column":5}}]},"2":{"loc":{"start":{"line":14,"column":4},"end":{"line":16,"column":5}},"type":"if","locations":[{"start":{"line":14,"column":4},"end":{"line":16,"column":5}}]}},"s":{"0":3,"1":3,"2":9,"3":1,"4":8,"5":8,"6":2,"7":6,"8":4,"9":2,"10":3,"11":3},"f":{"0":9},"b":{"0":[1],"1":[2],"2":[4]}}
,"D:\\RollingScopes\\CLONE\\TASK3\\TASK3-ORIGINAL\\src\\app\\youtube\\services\\filter.service.ts": {"path":"D:\\RollingScopes\\CLONE\\TASK3\\TASK3-ORIGINAL\\src\\app\\youtube\\services\\filter.service.ts","statementMap":{"0":{"start":{"line":1,"column":0},"end":{"line":1,"column":43}},"1":{"start":{"line":2,"column":0},"end":{"line":2,"column":39}},"2":{"start":{"line":8,"column":7},"end":{"line":15,"column":null}},"3":{"start":{"line":9,"column":19},"end":{"line":9,"column":75}},"4":{"start":{"line":10,"column":11},"end":{"line":10,"column":64}},"5":{"start":{"line":13,"column":4},"end":{"line":13,"column":42}},"6":{"start":{"line":8,"column":13},"end":{"line":8,"column":26}},"7":{"start":{"line":8,"column":13},"end":{"line":15,"column":null}}},"fnMap":{"0":{"name":"(anonymous_0)","decl":{"start":{"line":8,"column":7},"end":{"line":8,"column":13}},"loc":{"start":{"line":8,"column":7},"end":{"line":15,"column":1}}},"1":{"name":"(anonymous_1)","decl":{"start":{"line":12,"column":2},"end":{"line":12,"column":19}},"loc":{"start":{"line":12,"column":40},"end":{"line":14,"column":3}}}},"branchMap":{},"s":{"0":3,"1":3,"2":3,"3":5,"4":5,"5":3,"6":3,"7":3},"f":{"0":5,"1":3},"b":{}}
,"D:\\RollingScopes\\CLONE\\TASK3\\TASK3-ORIGINAL\\src\\app\\youtube\\services\\navigation-state.service.ts": {"path":"D:\\RollingScopes\\CLONE\\TASK3\\TASK3-ORIGINAL\\src\\app\\youtube\\services\\navigation-state.service.ts","statementMap":{"0":{"start":{"line":1,"column":0},"end":{"line":1,"column":43}},"1":{"start":{"line":6,"column":7},"end":{"line":31,"column":null}},"2":{"start":{"line":8,"column":19},"end":{"line":8,"column":42}},"3":{"start":{"line":11,"column":4},"end":{"line":11,"column":27}},"4":{"start":{"line":12,"column":4},"end":{"line":14,"column":5}},"5":{"start":{"line":13,"column":6},"end":{"line":13,"column":27}},"6":{"start":{"line":18,"column":4},"end":{"line":20,"column":13}},"7":{"start":{"line":24,"column":4},"end":{"line":28,"column":5}},"8":{"start":{"line":25,"column":6},"end":{"line":25,"column":25}},"9":{"start":{"line":26,"column":26},"end":{"line":26,"column":44}},"10":{"start":{"line":27,"column":6},"end":{"line":27,"column":25}},"11":{"start":{"line":29,"column":4},"end":{"line":29,"column":21}},"12":{"start":{"line":6,"column":13},"end":{"line":6,"column":35}},"13":{"start":{"line":6,"column":13},"end":{"line":31,"column":null}}},"fnMap":{"0":{"name":"(anonymous_0)","decl":{"start":{"line":6,"column":7},"end":{"line":6,"column":13}},"loc":{"start":{"line":6,"column":7},"end":{"line":31,"column":1}}},"1":{"name":"(anonymous_1)","decl":{"start":{"line":10,"column":2},"end":{"line":10,"column":8}},"loc":{"start":{"line":10,"column":20},"end":{"line":15,"column":3}}},"2":{"name":"(anonymous_2)","decl":{"start":{"line":17,"column":2},"end":{"line":17,"column":16}},"loc":{"start":{"line":17,"column":16},"end":{"line":21,"column":3}}},"3":{"name":"(anonymous_3)","decl":{"start":{"line":23,"column":2},"end":{"line":23,"column":8}},"loc":{"start":{"line":23,"column":8},"end":{"line":30,"column":3}}}},"branchMap":{"0":{"loc":{"start":{"line":12,"column":4},"end":{"line":14,"column":5}},"type":"if","locations":[{"start":{"line":12,"column":4},"end":{"line":14,"column":5}}]},"1":{"loc":{"start":{"line":18,"column":11},"end":{"line":20,"column":12}},"type":"cond-expr","locations":[{"start":{"line":19,"column":8},"end":{"line":19,"column":45}},{"start":{"line":20,"column":8},"end":{"line":20,"column":12}}]},"2":{"loc":{"start":{"line":24,"column":4},"end":{"line":28,"column":5}},"type":"if","locations":[{"start":{"line":24,"column":4},"end":{"line":28,"column":5}}]}},"s":{"0":4,"1":4,"2":7,"3":40,"4":40,"5":5,"6":2,"7":2,"8":1,"9":1,"10":1,"11":1,"12":4,"13":4},"f":{"0":7,"1":40,"2":2,"3":2},"b":{"0":[5],"1":[1,1],"2":[1]}}
,"D:\\RollingScopes\\CLONE\\TASK3\\TASK3-ORIGINAL\\src\\app\\youtube\\services\\rate-limited.service.ts": {"path":"D:\\RollingScopes\\CLONE\\TASK3\\TASK3-ORIGINAL\\src\\app\\youtube\\services\\rate-limited.service.ts","statementMap":{"0":{"start":{"line":1,"column":0},"end":{"line":1,"column":43}},"1":{"start":{"line":6,"column":7},"end":{"line":80,"column":null}},"2":{"start":{"line":7,"column":19},"end":{"line":12,"column":11}},"3":{"start":{"line":14,"column":10},"end":{"line":14,"column":31}},"4":{"start":{"line":15,"column":10},"end":{"line":15,"column":20}},"5":{"start":{"line":16,"column":10},"end":{"line":16,"column":24}},"6":{"start":{"line":17,"column":10},"end":{"line":17,"column":23}},"7":{"start":{"line":20,"column":4},"end":{"line":36,"column":5}},"8":{"start":{"line":21,"column":22},"end":{"line":21,"column":32}},"9":{"start":{"line":22,"column":24},"end":{"line":22,"column":48}},"10":{"start":{"line":23,"column":6},"end":{"line":33,"column":7}},"11":{"start":{"line":24,"column":8},"end":{"line":24,"column":33}},"12":{"start":{"line":25,"column":8},"end":{"line":25,"column":23}},"13":{"start":{"line":27,"column":26},"end":{"line":27,"column":49}},"14":{"start":{"line":28,"column":8},"end":{"line":32,"column":9}},"15":{"start":{"line":29,"column":10},"end":{"line":29,"column":34}},"16":{"start":{"line":31,"column":10},"end":{"line":31,"column":30}},"17":{"start":{"line":35,"column":6},"end":{"line":35,"column":26}},"18":{"start":{"line":38,"column":4},"end":{"line":49,"column":7}},"19":{"start":{"line":39,"column":6},"end":{"line":47,"column":9}},"20":{"start":{"line":41,"column":10},"end":{"line":43,"column":26}},"21":{"start":{"line":42,"column":30},"end":{"line":42,"column":73}},"22":{"start":{"line":48,"column":6},"end":{"line":48,"column":26}},"23":{"start":{"line":53,"column":4},"end":{"line":55,"column":5}},"24":{"start":{"line":54,"column":6},"end":{"line":54,"column":13}},"25":{"start":{"line":57,"column":4},"end":{"line":57,"column":29}},"26":{"start":{"line":58,"column":4},"end":{"line":58,"column":33}},"27":{"start":{"line":62,"column":17},"end":{"line":62,"column":35}},"28":{"start":{"line":64,"column":4},"end":{"line":78,"column":5}},"29":{"start":{"line":65,"column":6},"end":{"line":74,"column":7}},"30":{"start":{"line":66,"column":8},"end":{"line":66,"column":26}},"31":{"start":{"line":68,"column":8},"end":{"line":68,"column":59}},"32":{"start":{"line":70,"column":8},"end":{"line":72,"column":11}},"33":{"start":{"line":71,"column":10},"end":{"line":71,"column":42}},"34":{"start":{"line":73,"column":8},"end":{"line":73,"column":31}},"35":{"start":{"line":76,"column":6},"end":{"line":76,"column":33}},"36":{"start":{"line":77,"column":6},"end":{"line":77,"column":32}},"37":{"start":{"line":6,"column":13},"end":{"line":6,"column":36}},"38":{"start":{"line":6,"column":13},"end":{"line":80,"column":null}}},"fnMap":{"0":{"name":"(anonymous_0)","decl":{"start":{"line":6,"column":7},"end":{"line":6,"column":13}},"loc":{"start":{"line":6,"column":7},"end":{"line":80,"column":1}}},"1":{"name":"(anonymous_1)","decl":{"start":{"line":19,"column":2},"end":{"line":19,"column":9}},"loc":{"start":{"line":19,"column":35},"end":{"line":50,"column":3}}},"2":{"name":"(anonymous_2)","decl":{"start":{"line":38,"column":26},"end":{"line":38,"column":27}},"loc":{"start":{"line":38,"column":52},"end":{"line":49,"column":5}}},"3":{"name":"(anonymous_3)","decl":{"start":{"line":40,"column":14},"end":{"line":40,"column":35}},"loc":{"start":{"line":41,"column":10},"end":{"line":43,"column":26}}},"4":{"name":"(anonymous_4)","decl":{"start":{"line":42,"column":18},"end":{"line":42,"column":19}},"loc":{"start":{"line":42,"column":30},"end":{"line":42,"column":73}}},"5":{"name":"(anonymous_5)","decl":{"start":{"line":52,"column":10},"end":{"line":52,"column":15}},"loc":{"start":{"line":52,"column":28},"end":{"line":59,"column":3}}},"6":{"name":"(anonymous_6)","decl":{"start":{"line":61,"column":10},"end":{"line":61,"column":15}},"loc":{"start":{"line":61,"column":31},"end":{"line":79,"column":3}}},"7":{"name":"(anonymous_7)","decl":{"start":{"line":70,"column":26},"end":{"line":70,"column":27}},"loc":{"start":{"line":70,"column":44},"end":{"line":72,"column":9}}}},"branchMap":{"0":{"loc":{"start":{"line":20,"column":4},"end":{"line":36,"column":5}},"type":"if","locations":[{"start":{"line":20,"column":4},"end":{"line":36,"column":5}},{"start":{"line":34,"column":11},"end":{"line":36,"column":5}}]},"1":{"loc":{"start":{"line":23,"column":6},"end":{"line":33,"column":7}},"type":"if","locations":[{"start":{"line":23,"column":6},"end":{"line":33,"column":7}},{"start":{"line":26,"column":13},"end":{"line":33,"column":7}}]},"2":{"loc":{"start":{"line":23,"column":10},"end":{"line":23,"column":53}},"type":"binary-expr","locations":[{"start":{"line":23,"column":10},"end":{"line":23,"column":31}},{"start":{"line":23,"column":35},"end":{"line":23,"column":53}}]},"3":{"loc":{"start":{"line":28,"column":8},"end":{"line":32,"column":9}},"type":"if","locations":[{"start":{"line":28,"column":8},"end":{"line":32,"column":9}},{"start":{"line":30,"column":15},"end":{"line":32,"column":9}}]},"4":{"loc":{"start":{"line":53,"column":4},"end":{"line":55,"column":5}},"type":"if","locations":[{"start":{"line":53,"column":4},"end":{"line":55,"column":5}}]},"5":{"loc":{"start":{"line":53,"column":8},"end":{"line":53,"column":52}},"type":"binary-expr","locations":[{"start":{"line":53,"column":8},"end":{"line":53,"column":25}},{"start":{"line":53,"column":29},"end":{"line":53,"column":52}}]},"6":{"loc":{"start":{"line":64,"column":4},"end":{"line":78,"column":5}},"type":"if","locations":[{"start":{"line":64,"column":4},"end":{"line":78,"column":5}},{"start":{"line":75,"column":11},"end":{"line":78,"column":5}}]}},"s":{"0":4,"1":4,"2":4,"3":4,"4":4,"5":4,"6":4,"7":5,"8":5,"9":5,"10":5,"11":3,"12":3,"13":2,"14":2,"15":0,"16":2,"17":0,"18":5,"19":5,"20":5,"21":4,"22":5,"23":5,"24":2,"25":3,"26":3,"27":5,"28":5,"29":5,"30":5,"31":0,"32":5,"33":5,"34":2,"35":0,"36":0,"37":4,"38":4},"f":{"0":4,"1":5,"2":5,"3":5,"4":4,"5":5,"6":5,"7":5},"b":{"0":[5,0],"1":[3,2],"2":[5,2],"3":[0,2],"4":[2],"5":[5,3],"6":[5,0]}}
,"D:\\RollingScopes\\CLONE\\TASK3\\TASK3-ORIGINAL\\src\\app\\youtube\\services\\video.service.ts": {"path":"D:\\RollingScopes\\CLONE\\TASK3\\TASK3-ORIGINAL\\src\\app\\youtube\\services\\video.service.ts","statementMap":{"0":{"start":{"line":1,"column":0},"end":{"line":1,"column":51}},"1":{"start":{"line":2,"column":0},"end":{"line":2,"column":31}},"2":{"start":{"line":10,"column":0},"end":{"line":10,"column":71}},"3":{"start":{"line":11,"column":0},"end":{"line":11,"column":68}},"4":{"start":{"line":12,"column":0},"end":{"line":12,"column":53}},"5":{"start":{"line":13,"column":0},"end":{"line":13,"column":80}},"6":{"start":{"line":14,"column":0},"end":{"line":14,"column":64}},"7":{"start":{"line":15,"column":0},"end":{"line":15,"column":65}},"8":{"start":{"line":17,"column":29},"end":{"line":20,"column":2}},"9":{"start":{"line":35,"column":21},"end":{"line":35,"column":60}},"10":{"start":{"line":36,"column":21},"end":{"line":36,"column":61}},"11":{"start":{"line":37,"column":21},"end":{"line":37,"column":62}},"12":{"start":{"line":26,"column":11},"end":{"line":26,"column":50}},"13":{"start":{"line":27,"column":11},"end":{"line":27,"column":50}},"14":{"start":{"line":28,"column":11},"end":{"line":28,"column":44}},"15":{"start":{"line":30,"column":11},"end":{"line":30,"column":38}},"16":{"start":{"line":41,"column":4},"end":{"line":48,"column":6}},"17":{"start":{"line":55,"column":25},"end":{"line":55,"column":29}},"18":{"start":{"line":56,"column":4},"end":{"line":56,"column":68}},"19":{"start":{"line":56,"column":18},"end":{"line":56,"column":68}},"20":{"start":{"line":60,"column":4},"end":{"line":60,"column":52}},"21":{"start":{"line":64,"column":17},"end":{"line":64,"column":31}},"22":{"start":{"line":65,"column":23},"end":{"line":65,"column":43}},"23":{"start":{"line":66,"column":4},"end":{"line":72,"column":6}},"24":{"start":{"line":76,"column":4},"end":{"line":79,"column":5}},"25":{"start":{"line":77,"column":6},"end":{"line":77,"column":47}},"26":{"start":{"line":78,"column":6},"end":{"line":78,"column":45}},"27":{"start":{"line":80,"column":4},"end":{"line":83,"column":5}},"28":{"start":{"line":81,"column":6},"end":{"line":81,"column":31}},"29":{"start":{"line":82,"column":6},"end":{"line":82,"column":15}},"30":{"start":{"line":84,"column":4},"end":{"line":84,"column":28}},"31":{"start":{"line":85,"column":19},"end":{"line":90,"column":6}},"32":{"start":{"line":91,"column":22},"end":{"line":91,"column":23}},"33":{"start":{"line":92,"column":4},"end":{"line":122,"column":9}},"34":{"start":{"line":102,"column":8},"end":{"line":120,"column":9}},"35":{"start":{"line":103,"column":25},"end":{"line":104,"column":null}},"36":{"start":{"line":104,"column":12},"end":{"line":104,"column":48}},"37":{"start":{"line":106,"column":10},"end":{"line":117,"column":11}},"38":{"start":{"line":107,"column":12},"end":{"line":107,"column":65}},"39":{"start":{"line":108,"column":12},"end":{"line":108,"column":55}},"40":{"start":{"line":109,"column":12},"end":{"line":109,"column":41}},"41":{"start":{"line":110,"column":26},"end":{"line":112,"column":55}},"42":{"start":{"line":113,"column":12},"end":{"line":116,"column":22}},"43":{"start":{"line":114,"column":26},"end":{"line":114,"column":67}},"44":{"start":{"line":114,"column":48},"end":{"line":114,"column":56}},"45":{"start":{"line":115,"column":14},"end":{"line":115,"column":43}},"46":{"start":{"line":119,"column":10},"end":{"line":119,"column":35}},"47":{"start":{"line":121,"column":8},"end":{"line":121,"column":33}},"48":{"start":{"line":123,"column":4},"end":{"line":123,"column":23}},"49":{"start":{"line":127,"column":19},"end":{"line":130,"column":6}},"50":{"start":{"line":131,"column":4},"end":{"line":144,"column":9}},"51":{"start":{"line":136,"column":8},"end":{"line":143,"column":9}},"52":{"start":{"line":137,"column":10},"end":{"line":139,"column":13}},"53":{"start":{"line":138,"column":12},"end":{"line":138,"column":78}},"54":{"start":{"line":140,"column":10},"end":{"line":140,"column":39}},"55":{"start":{"line":142,"column":10},"end":{"line":142,"column":35}},"56":{"start":{"line":148,"column":4},"end":{"line":151,"column":9}},"57":{"start":{"line":149,"column":6},"end":{"line":151,"column":9}},"58":{"start":{"line":150,"column":8},"end":{"line":150,"column":27}},"59":{"start":{"line":152,"column":19},"end":{"line":155,"column":6}},"60":{"start":{"line":156,"column":4},"end":{"line":169,"column":7}},"61":{"start":{"line":157,"column":6},"end":{"line":168,"column":11}},"62":{"start":{"line":162,"column":10},"end":{"line":167,"column":11}},"63":{"start":{"line":163,"column":12},"end":{"line":163,"column":74}},"64":{"start":{"line":165,"column":12},"end":{"line":165,"column":37}},"65":{"start":{"line":166,"column":12},"end":{"line":166,"column":31}},"66":{"start":{"line":173,"column":4},"end":{"line":192,"column":7}},"67":{"start":{"line":174,"column":21},"end":{"line":176,"column":8}},"68":{"start":{"line":177,"column":6},"end":{"line":191,"column":9}},"69":{"start":{"line":178,"column":8},"end":{"line":190,"column":13}},"70":{"start":{"line":183,"column":12},"end":{"line":189,"column":13}},"71":{"start":{"line":184,"column":14},"end":{"line":184,"column":71}},"72":{"start":{"line":185,"column":14},"end":{"line":185,"column":35}},"73":{"start":{"line":187,"column":14},"end":{"line":187,"column":75}},"74":{"start":{"line":188,"column":14},"end":{"line":188,"column":40}},"75":{"start":{"line":196,"column":4},"end":{"line":196,"column":68}},"76":{"start":{"line":196,"column":46},"end":{"line":196,"column":66}},"77":{"start":{"line":200,"column":4},"end":{"line":203,"column":5}},"78":{"start":{"line":201,"column":6},"end":{"line":201,"column":71}},"79":{"start":{"line":201,"column":64},"end":{"line":201,"column":71}},"80":{"start":{"line":202,"column":6},"end":{"line":202,"column":33}},"81":{"start":{"line":204,"column":4},"end":{"line":204,"column":50}},"82":{"start":{"line":204,"column":19},"end":{"line":204,"column":50}},"83":{"start":{"line":205,"column":4},"end":{"line":205,"column":31}},"84":{"start":{"line":25,"column":13},"end":{"line":25,"column":25}},"85":{"start":{"line":25,"column":13},"end":{"line":207,"column":null}}},"fnMap":{"0":{"name":"(anonymous_0)","decl":{"start":{"line":34,"column":2},"end":{"line":34,"column":null}},"loc":{"start":{"line":37,"column":62},"end":{"line":38,"column":6}}},"1":{"name":"(anonymous_1)","decl":{"start":{"line":40,"column":2},"end":{"line":40,"column":8}},"loc":{"start":{"line":40,"column":43},"end":{"line":49,"column":3}}},"2":{"name":"(anonymous_2)","decl":{"start":{"line":51,"column":2},"end":{"line":51,"column":8}},"loc":{"start":{"line":53,"column":27},"end":{"line":57,"column":3}}},"3":{"name":"(anonymous_3)","decl":{"start":{"line":59,"column":2},"end":{"line":59,"column":8}},"loc":{"start":{"line":59,"column":30},"end":{"line":61,"column":3}}},"4":{"name":"(anonymous_4)","decl":{"start":{"line":63,"column":2},"end":{"line":63,"column":8}},"loc":{"start":{"line":63,"column":48},"end":{"line":73,"column":3}}},"5":{"name":"(anonymous_5)","decl":{"start":{"line":75,"column":2},"end":{"line":75,"column":7}},"loc":{"start":{"line":75,"column":36},"end":{"line":124,"column":3}}},"6":{"name":"(anonymous_6)","decl":{"start":{"line":101,"column":12},"end":{"line":101,"column":13}},"loc":{"start":{"line":101,"column":23},"end":{"line":122,"column":7}}},"7":{"name":"(anonymous_7)","decl":{"start":{"line":103,"column":48},"end":{"line":103,"column":49}},"loc":{"start":{"line":104,"column":12},"end":{"line":104,"column":48}}},"8":{"name":"(anonymous_8)","decl":{"start":{"line":113,"column":52},"end":{"line":113,"column":55}},"loc":{"start":{"line":113,"column":57},"end":{"line":116,"column":13}}},"9":{"name":"(anonymous_9)","decl":{"start":{"line":114,"column":37},"end":{"line":114,"column":38}},"loc":{"start":{"line":114,"column":48},"end":{"line":114,"column":56}}},"10":{"name":"(anonymous_10)","decl":{"start":{"line":126,"column":2},"end":{"line":126,"column":7}},"loc":{"start":{"line":126,"column":43},"end":{"line":145,"column":3}}},"11":{"name":"(anonymous_11)","decl":{"start":{"line":135,"column":12},"end":{"line":135,"column":13}},"loc":{"start":{"line":135,"column":23},"end":{"line":144,"column":7}}},"12":{"name":"(anonymous_12)","decl":{"start":{"line":137,"column":36},"end":{"line":137,"column":37}},"loc":{"start":{"line":137,"column":45},"end":{"line":139,"column":11}}},"13":{"name":"(anonymous_13)","decl":{"start":{"line":147,"column":2},"end":{"line":147,"column":7}},"loc":{"start":{"line":147,"column":33},"end":{"line":170,"column":3}}},"14":{"name":"(anonymous_14)","decl":{"start":{"line":149,"column":36},"end":{"line":149,"column":37}},"loc":{"start":{"line":149,"column":54},"end":{"line":151,"column":7}}},"15":{"name":"(anonymous_15)","decl":{"start":{"line":156,"column":42},"end":{"line":156,"column":43}},"loc":{"start":{"line":156,"column":60},"end":{"line":169,"column":5}}},"16":{"name":"(anonymous_16)","decl":{"start":{"line":161,"column":14},"end":{"line":161,"column":15}},"loc":{"start":{"line":161,"column":25},"end":{"line":168,"column":9}}},"17":{"name":"(anonymous_17)","decl":{"start":{"line":172,"column":2},"end":{"line":172,"column":7}},"loc":{"start":{"line":172,"column":49},"end":{"line":193,"column":3}}},"18":{"name":"(anonymous_18)","decl":{"start":{"line":173,"column":41},"end":{"line":173,"column":46}},"loc":{"start":{"line":173,"column":52},"end":{"line":192,"column":5}}},"19":{"name":"(anonymous_19)","decl":{"start":{"line":177,"column":44},"end":{"line":177,"column":45}},"loc":{"start":{"line":177,"column":62},"end":{"line":191,"column":7}}},"20":{"name":"(anonymous_20)","decl":{"start":{"line":182,"column":16},"end":{"line":182,"column":17}},"loc":{"start":{"line":182,"column":27},"end":{"line":190,"column":11}}},"21":{"name":"(anonymous_21)","decl":{"start":{"line":195,"column":2},"end":{"line":195,"column":15}},"loc":{"start":{"line":195,"column":32},"end":{"line":197,"column":3}}},"22":{"name":"(anonymous_22)","decl":{"start":{"line":196,"column":35},"end":{"line":196,"column":36}},"loc":{"start":{"line":196,"column":46},"end":{"line":196,"column":66}}},"23":{"name":"(anonymous_23)","decl":{"start":{"line":199,"column":2},"end":{"line":199,"column":12}},"loc":{"start":{"line":199,"column":50},"end":{"line":206,"column":3}}}},"branchMap":{"0":{"loc":{"start":{"line":42,"column":10},"end":{"line":42,"column":65}},"type":"cond-expr","locations":[{"start":{"line":42,"column":40},"end":{"line":42,"column":55}},{"start":{"line":42,"column":58},"end":{"line":42,"column":65}}]},"1":{"loc":{"start":{"line":46,"column":19},"end":{"line":46,"column":71}},"type":"binary-expr","locations":[{"start":{"line":46,"column":19},"end":{"line":46,"column":43}},{"start":{"line":46,"column":47},"end":{"line":46,"column":71}}]},"2":{"loc":{"start":{"line":47,"column":18},"end":{"line":47,"column":56}},"type":"cond-expr","locations":[{"start":{"line":47,"column":36},"end":{"line":47,"column":51}},{"start":{"line":47,"column":54},"end":{"line":47,"column":56}}]},"3":{"loc":{"start":{"line":56,"column":4},"end":{"line":56,"column":68}},"type":"if","locations":[{"start":{"line":56,"column":4},"end":{"line":56,"column":68}}]},"4":{"loc":{"start":{"line":60,"column":11},"end":{"line":60,"column":51}},"type":"cond-expr","locations":[{"start":{"line":60,"column":36},"end":{"line":60,"column":46}},{"start":{"line":60,"column":49},"end":{"line":60,"column":51}}]},"5":{"loc":{"start":{"line":64,"column":17},"end":{"line":64,"column":31}},"type":"binary-expr","locations":[{"start":{"line":64,"column":17},"end":{"line":64,"column":25}},{"start":{"line":64,"column":29},"end":{"line":64,"column":31}}]},"6":{"loc":{"start":{"line":65,"column":23},"end":{"line":65,"column":43}},"type":"cond-expr","locations":[{"start":{"line":65,"column":34},"end":{"line":65,"column":37}},{"start":{"line":65,"column":40},"end":{"line":65,"column":43}}]},"7":{"loc":{"start":{"line":75,"column":20},"end":{"line":75,"column":36}},"type":"default-arg","locations":[{"start":{"line":75,"column":31},"end":{"line":75,"column":36}}]},"8":{"loc":{"start":{"line":76,"column":4},"end":{"line":79,"column":5}},"type":"if","locations":[{"start":{"line":76,"column":4},"end":{"line":79,"column":5}}]},"9":{"loc":{"start":{"line":80,"column":4},"end":{"line":83,"column":5}},"type":"if","locations":[{"start":{"line":80,"column":4},"end":{"line":83,"column":5}}]},"10":{"loc":{"start":{"line":80,"column":8},"end":{"line":80,"column":58}},"type":"binary-expr","locations":[{"start":{"line":80,"column":8},"end":{"line":80,"column":25}},{"start":{"line":80,"column":29},"end":{"line":80,"column":58}}]},"11":{"loc":{"start":{"line":96,"column":18},"end":{"line":98,"column":20}},"type":"cond-expr","locations":[{"start":{"line":97,"column":14},"end":{"line":97,"column":54}},{"start":{"line":98,"column":14},"end":{"line":98,"column":20}}]},"12":{"loc":{"start":{"line":102,"column":8},"end":{"line":120,"column":9}},"type":"if","locations":[{"start":{"line":102,"column":8},"end":{"line":120,"column":9}},{"start":{"line":118,"column":15},"end":{"line":120,"column":9}}]},"13":{"loc":{"start":{"line":106,"column":10},"end":{"line":117,"column":11}},"type":"if","locations":[{"start":{"line":106,"column":10},"end":{"line":117,"column":11}}]},"14":{"loc":{"start":{"line":106,"column":14},"end":{"line":106,"column":41}},"type":"binary-expr","locations":[{"start":{"line":106,"column":14},"end":{"line":106,"column":20}},{"start":{"line":106,"column":24},"end":{"line":106,"column":41}}]},"15":{"loc":{"start":{"line":110,"column":26},"end":{"line":112,"column":55}},"type":"cond-expr","locations":[{"start":{"line":111,"column":16},"end":{"line":111,"column":17}},{"start":{"line":112,"column":16},"end":{"line":112,"column":55}}]},"16":{"loc":{"start":{"line":136,"column":8},"end":{"line":143,"column":9}},"type":"if","locations":[{"start":{"line":136,"column":8},"end":{"line":143,"column":9}},{"start":{"line":141,"column":15},"end":{"line":143,"column":9}}]},"17":{"loc":{"start":{"line":148,"column":4},"end":{"line":151,"column":9}},"type":"if","locations":[{"start":{"line":148,"column":4},"end":{"line":151,"column":9}}]},"18":{"loc":{"start":{"line":148,"column":8},"end":{"line":148,"column":40}},"type":"binary-expr","locations":[{"start":{"line":148,"column":8},"end":{"line":148,"column":16}},{"start":{"line":148,"column":20},"end":{"line":148,"column":40}}]},"19":{"loc":{"start":{"line":162,"column":10},"end":{"line":167,"column":11}},"type":"if","locations":[{"start":{"line":162,"column":10},"end":{"line":167,"column":11}},{"start":{"line":164,"column":17},"end":{"line":167,"column":11}}]},"20":{"loc":{"start":{"line":183,"column":12},"end":{"line":189,"column":13}},"type":"if","locations":[{"start":{"line":183,"column":12},"end":{"line":189,"column":13}},{"start":{"line":186,"column":19},"end":{"line":189,"column":13}}]},"21":{"loc":{"start":{"line":199,"column":35},"end":{"line":199,"column":50}},"type":"default-arg","locations":[{"start":{"line":199,"column":46},"end":{"line":199,"column":50}}]},"22":{"loc":{"start":{"line":200,"column":4},"end":{"line":203,"column":5}},"type":"if","locations":[{"start":{"line":200,"column":4},"end":{"line":203,"column":5}}]},"23":{"loc":{"start":{"line":200,"column":8},"end":{"line":200,"column":48}},"type":"binary-expr","locations":[{"start":{"line":200,"column":8},"end":{"line":200,"column":19}},{"start":{"line":200,"column":23},"end":{"line":200,"column":48}}]},"24":{"loc":{"start":{"line":201,"column":6},"end":{"line":201,"column":71}},"type":"if","locations":[{"start":{"line":201,"column":6},"end":{"line":201,"column":71}}]},"25":{"loc":{"start":{"line":201,"column":10},"end":{"line":201,"column":62}},"type":"binary-expr","locations":[{"start":{"line":201,"column":10},"end":{"line":201,"column":26}},{"start":{"line":201,"column":30},"end":{"line":201,"column":62}}]},"26":{"loc":{"start":{"line":204,"column":4},"end":{"line":204,"column":50}},"type":"if","locations":[{"start":{"line":204,"column":4},"end":{"line":204,"column":50}}]}},"s":{"0":3,"1":3,"2":3,"3":3,"4":3,"5":3,"6":3,"7":3,"8":3,"9":1,"10":1,"11":1,"12":1,"13":1,"14":1,"15":1,"16":32,"17":0,"18":0,"19":0,"20":0,"21":11,"22":11,"23":11,"24":6,"25":3,"26":3,"27":5,"28":1,"29":1,"30":4,"31":4,"32":4,"33":4,"34":4,"35":3,"36":20,"37":3,"38":3,"39":3,"40":3,"41":3,"42":3,"43":1,"44":10,"45":1,"46":1,"47":4,"48":4,"49":1,"50":1,"51":1,"52":1,"53":10,"54":1,"55":0,"56":5,"57":3,"58":3,"59":2,"60":2,"61":2,"62":2,"63":1,"64":1,"65":1,"66":2,"67":2,"68":2,"69":2,"70":2,"71":1,"72":1,"73":1,"74":1,"75":2,"76":11,"77":4,"78":4,"79":0,"80":4,"81":4,"82":3,"83":4,"84":3,"85":3},"f":{"0":1,"1":32,"2":0,"3":0,"4":11,"5":6,"6":4,"7":20,"8":1,"9":10,"10":1,"11":1,"12":10,"13":5,"14":3,"15":2,"16":2,"17":2,"18":2,"19":2,"20":2,"21":2,"22":11,"23":4},"b":{"0":[0,32],"1":[32,32],"2":[32,0],"3":[0],"4":[0,0],"5":[11,0],"6":[11,0],"7":[1],"8":[3],"9":[1],"10":[5,4],"11":[1,3],"12":[3,1],"13":[3],"14":[3,3],"15":[0,3],"16":[1,0],"17":[3],"18":[5,2],"19":[1,1],"20":[1,1],"21":[0],"22":[4],"23":[4,1],"24":[0],"25":[4,2],"26":[3]}}
,"D:\\RollingScopes\\CLONE\\TASK3\\TASK3-ORIGINAL\\src\\environments\\environment.jest.ts": {"path":"D:\\RollingScopes\\CLONE\\TASK3\\TASK3-ORIGINAL\\src\\environments\\environment.jest.ts","statementMap":{"0":{"start":{"line":1,"column":13},"end":{"line":5,"column":2}}},"fnMap":{},"branchMap":{},"s":{"0":3},"f":{},"b":{}}
}
