TN:
SF:src\app\core\services\fetch-classic-interceptors.service.ts
FN:19,(anonymous_0)
FN:24,(anonymous_1)
FN:29,(anonymous_2)
FN:56,(anonymous_3)
FNF:4
FNH:4
FNDA:4,(anonymous_0)
FNDA:2,(anonymous_1)
FNDA:3,(anonymous_2)
FNDA:1,(anonymous_3)
DA:1,3
DA:2,3
DA:9,3
DA:16,3
DA:17,4
DA:21,4
DA:28,2
DA:31,3
DA:32,3
DA:37,2
DA:38,2
DA:40,2
DA:41,1
DA:49,1
DA:57,1
LF:15
LH:15
BRDA:21,0,0,0
BRDA:40,1,0,1
BRF:2
BRH:1
end_of_record
TN:
SF:src\app\core\services\fetch-classic.service.ts
FN:10,(anonymous_0)
FN:12,(anonymous_1)
FN:15,(anonymous_2)
FN:21,(anonymous_3)
FN:35,(anonymous_4)
FN:54,(anonymous_5)
FNF:6
FNH:4
FNDA:5,(anonymous_0)
FNDA:1,(anonymous_1)
FNDA:2,(anonymous_2)
FNDA:5,(anonymous_3)
FNDA:0,(anonymous_4)
FNDA:0,(anonymous_5)
DA:1,2
DA:2,2
DA:3,2
DA:9,2
DA:10,5
DA:12,5
DA:13,1
DA:16,2
DA:32,5
DA:33,5
DA:35,5
DA:37,5
DA:38,5
DA:40,5
DA:41,0
DA:42,0
DA:45,5
DA:52,5
DA:53,0
DA:54,0
DA:56,0
DA:57,0
DA:64,5
DA:69,5
DA:73,4
DA:78,4
DA:80,4
DA:81,2
DA:83,2
DA:84,1
DA:86,1
DA:87,1
DA:90,0
DA:92,1
LF:34
LH:27
BRDA:23,0,0,2
BRDA:26,1,0,5
BRDA:29,2,0,5
BRDA:30,3,0,5
BRDA:31,4,0,2
BRDA:40,5,0,0
BRDA:48,6,0,0
BRDA:48,6,1,5
BRDA:52,7,0,0
BRDA:53,8,0,0
BRDA:53,8,1,0
BRDA:56,9,0,0
BRDA:69,10,0,0
BRDA:69,10,1,4
BRDA:80,11,0,2
BRDA:83,12,0,1
BRDA:86,13,0,1
BRF:17
BRH:10
end_of_record
TN:
SF:src\app\core\services\responce-error.ts
FN:24,(anonymous_0)
FN:37,(anonymous_1)
FN:46,handleError
FN:63,serializeError
FN:75,printError
FNF:5
FNH:5
FNDA:7,(anonymous_0)
FNDA:3,(anonymous_1)
FNDA:5,handleError
FNDA:4,serializeError
FNDA:2,printError
DA:23,2
DA:25,7
DA:26,7
DA:27,7
DA:28,7
DA:30,7
DA:31,7
DA:32,7
DA:33,7
DA:34,7
DA:38,3
DA:46,2
DA:47,5
DA:48,4
DA:49,2
DA:50,1
DA:51,1
DA:53,1
DA:56,2
DA:57,1
DA:60,1
DA:63,2
DA:64,4
DA:65,2
DA:68,2
DA:75,2
DA:79,2
DA:81,2
DA:84,2
DA:85,2
LF:30
LH:30
BRDA:28,0,0,5
BRDA:47,1,0,1
BRDA:48,2,0,2
BRDA:49,3,0,1
BRDA:51,4,0,1
BRDA:51,4,1,1
BRDA:51,4,2,1
BRDA:51,4,3,1
BRDA:56,5,0,1
BRDA:64,6,0,2
BRDA:77,7,0,1
BRDA:81,8,0,1
BRDA:81,8,1,1
BRDA:81,9,0,2
BRDA:81,9,1,2
BRF:15
BRH:15
end_of_record
TN:
SF:src\app\redux\state.model.ts
FN:13,(anonymous_0)
FNF:1
FNH:1
FNDA:2,(anonymous_0)
DA:13,2
DA:14,2
DA:15,2
LF:3
LH:3
BRDA:13,0,0,2
BRDA:13,0,1,2
BRF:2
BRH:2
end_of_record
TN:
SF:src\app\redux\video.store.ts
FN:34,(anonymous_0)
FN:43,(anonymous_1)
FN:44,(anonymous_2)
FN:47,(anonymous_3)
FN:51,(anonymous_4)
FN:58,(anonymous_5)
FN:69,(anonymous_6)
FN:76,(anonymous_7)
FN:78,(anonymous_8)
FN:85,(anonymous_9)
FN:86,(anonymous_10)
FN:89,(anonymous_11)
FN:95,(anonymous_12)
FN:112,(anonymous_13)
FN:125,(anonymous_14)
FN:126,(anonymous_15)
FN:131,(anonymous_16)
FN:141,(anonymous_17)
FN:149,(anonymous_18)
FN:150,(anonymous_19)
FN:152,(anonymous_20)
FN:157,(anonymous_21)
FN:158,(anonymous_22)
FN:160,(anonymous_23)
FN:162,(anonymous_24)
FN:166,(anonymous_25)
FN:167,(anonymous_26)
FN:169,(anonymous_27)
FN:170,(anonymous_28)
FN:174,(anonymous_29)
FN:175,(anonymous_30)
FN:180,(anonymous_31)
FN:181,(anonymous_32)
FN:186,(anonymous_33)
FN:187,(anonymous_34)
FN:192,(anonymous_35)
FN:193,(anonymous_36)
FN:199,(anonymous_37)
FN:205,(anonymous_38)
FN:214,(anonymous_39)
FN:220,(anonymous_40)
FNF:41
FNH:41
FNDA:4,(anonymous_0)
FNDA:1,(anonymous_1)
FNDA:2,(anonymous_2)
FNDA:13,(anonymous_3)
FNDA:10,(anonymous_4)
FNDA:2,(anonymous_5)
FNDA:7,(anonymous_6)
FNDA:10,(anonymous_7)
FNDA:20,(anonymous_8)
FNDA:10,(anonymous_9)
FNDA:1,(anonymous_10)
FNDA:7,(anonymous_11)
FNDA:52,(anonymous_12)
FNDA:8,(anonymous_13)
FNDA:4,(anonymous_14)
FNDA:10,(anonymous_15)
FNDA:15,(anonymous_16)
FNDA:10,(anonymous_17)
FNDA:4,(anonymous_18)
FNDA:4,(anonymous_19)
FNDA:2,(anonymous_20)
FNDA:3,(anonymous_21)
FNDA:4,(anonymous_22)
FNDA:3,(anonymous_23)
FNDA:4,(anonymous_24)
FNDA:7,(anonymous_25)
FNDA:7,(anonymous_26)
FNDA:7,(anonymous_27)
FNDA:3,(anonymous_28)
FNDA:5,(anonymous_29)
FNDA:5,(anonymous_30)
FNDA:1,(anonymous_31)
FNDA:1,(anonymous_32)
FNDA:1,(anonymous_33)
FNDA:1,(anonymous_34)
FNDA:5,(anonymous_35)
FNDA:5,(anonymous_36)
FNDA:1,(anonymous_37)
FNDA:1,(anonymous_38)
FNDA:1,(anonymous_39)
FNDA:1,(anonymous_40)
DA:1,2
DA:2,2
DA:9,2
DA:10,2
DA:11,2
DA:19,2
DA:21,2
DA:31,2
DA:43,4
DA:44,2
DA:47,4
DA:48,13
DA:51,4
DA:52,10
DA:58,4
DA:59,2
DA:60,2
DA:64,4
DA:65,4
DA:69,4
DA:70,7
DA:71,7
DA:72,7
DA:73,7
DA:74,1
DA:75,1
DA:77,10
DA:78,10
DA:79,20
DA:81,20
DA:83,10
DA:85,10
DA:86,1
DA:89,4
DA:90,7
DA:91,7
DA:92,7
DA:93,7
DA:94,7
DA:95,3
DA:97,52
DA:101,52
DA:104,52
DA:105,43
DA:106,16
DA:108,9
DA:112,4
DA:113,8
DA:114,8
DA:116,8
DA:119,8
DA:122,4
DA:125,4
DA:127,10
DA:128,10
DA:132,15
DA:133,15
DA:139,10
DA:141,10
DA:147,10
DA:150,4
DA:152,2
DA:158,4
DA:159,3
DA:160,3
DA:162,4
DA:167,7
DA:169,7
DA:170,3
DA:175,5
DA:181,1
DA:187,1
DA:193,5
DA:203,1
DA:205,1
DA:206,1
DA:207,1
DA:211,1
DA:218,1
DA:220,1
DA:221,1
DA:222,1
DA:226,1
LF:83
LH:83
BRDA:48,0,0,9
BRDA:48,0,1,4
BRDA:54,1,0,7
BRDA:54,1,1,3
BRDA:72,2,0,7
BRDA:72,2,1,6
BRDA:73,3,0,6
BRDA:73,4,0,7
BRDA:73,4,1,7
BRDA:81,5,0,3
BRDA:92,6,0,7
BRDA:92,6,1,4
BRDA:93,7,0,7
BRDA:93,7,1,4
BRDA:94,8,0,4
BRDA:94,9,0,7
BRDA:94,9,1,3
BRDA:97,10,0,31
BRDA:97,10,1,21
BRDA:98,11,0,31
BRDA:98,11,1,9
BRDA:99,12,0,21
BRDA:99,12,1,0
BRDA:101,13,0,31
BRDA:101,13,1,21
BRDA:102,14,0,31
BRDA:102,14,1,9
BRDA:103,15,0,21
BRDA:103,15,1,0
BRDA:104,16,0,43
BRDA:104,17,0,52
BRDA:104,17,1,43
BRDA:105,18,0,27
BRDA:106,19,0,16
BRDA:116,20,0,7
BRDA:116,20,1,1
BRDA:126,21,0,9
BRDA:128,22,0,1
BRDA:128,22,1,9
BRDA:144,23,0,1
BRDA:144,23,1,9
BRDA:147,24,0,1
BRDA:147,24,1,9
BRDA:152,25,0,1
BRDA:152,25,1,3
BRDA:159,26,0,3
BRDA:169,27,0,2
BRDA:169,27,1,5
BRDA:192,28,0,3
BRDA:196,29,0,2
BRDA:196,29,1,3
BRDA:206,30,0,1
BRDA:221,31,0,1
BRF:53
BRH:51
end_of_record
TN:
SF:src\app\shared\button-icon\button-icon.component.html
FNF:0
FNH:0
DA:1,2
LF:1
LH:1
BRF:0
BRH:0
end_of_record
TN:
SF:src\app\shared\button-icon\button-icon.component.ts
FN:15,(anonymous_0)
FN:18,(anonymous_1)
FNF:2
FNH:2
FNDA:4,(anonymous_0)
FNDA:1,(anonymous_1)
DA:1,2
DA:2,2
DA:3,2
DA:4,2
DA:15,2
DA:16,4
DA:19,1
LF:7
LH:7
BRF:0
BRH:0
end_of_record
TN:
SF:src\app\shared\custom-button\custom-button.component.html
FNF:0
FNH:0
DA:1,1
LF:1
LH:1
BRF:0
BRH:0
end_of_record
TN:
SF:src\app\shared\custom-button\custom-button.component.ts
FN:14,(anonymous_0)
FNF:1
FNH:1
FNDA:1,(anonymous_0)
DA:1,1
DA:2,1
DA:3,1
DA:14,1
DA:15,1
LF:5
LH:5
BRF:0
BRH:0
end_of_record
TN:
SF:src\app\youtube\components\search-item.model.ts
FN:82,(anonymous_0)
FN:108,(anonymous_1)
FN:114,(anonymous_2)
FNF:3
FNH:3
FNDA:2,(anonymous_0)
FNDA:2,(anonymous_1)
FNDA:2,(anonymous_2)
DA:82,2
DA:83,2
DA:84,2
DA:85,2
DA:86,2
DA:87,2
DA:88,2
DA:89,2
DA:90,2
DA:91,2
DA:92,2
DA:93,2
DA:94,2
DA:95,2
DA:96,2
DA:97,2
DA:98,2
DA:99,2
DA:100,2
DA:101,2
DA:102,2
DA:103,2
DA:104,2
DA:105,2
DA:108,2
DA:109,2
DA:110,2
DA:111,2
DA:114,2
DA:115,2
DA:116,2
DA:117,2
LF:32
LH:32
BRDA:82,0,0,2
BRDA:82,0,1,2
BRDA:108,1,0,2
BRDA:108,1,1,2
BRDA:114,2,0,2
BRDA:114,2,1,2
BRF:6
BRH:6
end_of_record
TN:
SF:src\app\youtube\components\item-button\item-button.component.ts
FN:18,(anonymous_0)
FNF:1
FNH:1
FNDA:1,(anonymous_0)
DA:1,1
DA:2,1
DA:3,1
DA:4,1
DA:18,1
DA:19,1
DA:20,1
DA:21,1
LF:8
LH:8
BRF:0
BRH:0
end_of_record
TN:
SF:src\app\youtube\components\search-item\search-item.component.html
FNF:0
FNH:0
DA:1,1
LF:1
LH:1
BRF:0
BRH:0
end_of_record
TN:
SF:src\app\youtube\components\search-item\search-item.component.ts
FN:52,(anonymous_0)
FN:57,(anonymous_1)
FN:62,(anonymous_2)
FN:67,(anonymous_3)
FN:75,(anonymous_4)
FN:76,(anonymous_5)
FN:85,(anonymous_6)
FNF:7
FNH:7
FNDA:6,(anonymous_0)
FNDA:7,(anonymous_1)
FNDA:1,(anonymous_2)
FNDA:2,(anonymous_3)
FNDA:2,(anonymous_4)
FNDA:1,(anonymous_5)
FNDA:2,(anonymous_6)
DA:1,1
DA:9,1
DA:10,1
DA:11,1
DA:12,1
DA:14,1
DA:15,1
DA:16,1
DA:17,1
DA:18,1
DA:19,1
DA:39,1
DA:40,6
DA:41,6
DA:42,6
DA:43,6
DA:44,6
DA:45,6
DA:46,6
DA:49,6
DA:50,6
DA:53,6
DA:54,6
DA:58,7
DA:59,7
DA:63,1
DA:64,1
DA:68,2
DA:69,1
DA:71,1
DA:76,2
DA:77,1
DA:79,2
DA:80,2
DA:85,2
DA:86,2
LF:36
LH:36
BRDA:68,0,0,1
BRDA:68,0,1,1
BRF:2
BRH:2
end_of_record
TN:
SF:src\app\youtube\directives\publication-marker.ts
FN:10,(anonymous_0)
FN:12,(anonymous_1)
FNF:2
FNH:2
FNDA:1,(anonymous_0)
FNDA:1,(anonymous_1)
DA:1,1
DA:7,1
DA:8,1
DA:10,1
DA:13,1
DA:14,1
DA:18,1
DA:21,1
DA:22,1
DA:23,0
DA:24,0
DA:25,0
DA:26,0
DA:28,0
DA:31,1
LF:15
LH:10
BRDA:14,0,0,0
BRDA:14,0,1,1
BRDA:21,1,0,1
BRDA:21,1,1,0
BRDA:23,2,0,0
BRDA:23,2,1,0
BRDA:25,3,0,0
BRDA:25,3,1,0
BRF:8
BRH:2
end_of_record
TN:
SF:src\app\youtube\pipes\format-count.ts
FN:8,(anonymous_0)
FNF:1
FNH:1
FNDA:9,(anonymous_0)
DA:1,3
DA:7,3
DA:9,9
DA:10,8
DA:11,8
DA:12,2
DA:14,6
DA:15,4
DA:17,2
LF:9
LH:9
BRDA:9,0,0,1
BRDA:11,1,0,2
BRDA:14,2,0,4
BRF:3
BRH:3
end_of_record
TN:
SF:src\app\youtube\services\filter.service.ts
FN:8,(anonymous_0)
FN:12,(anonymous_1)
FNF:2
FNH:2
FNDA:4,(anonymous_0)
FNDA:3,(anonymous_1)
DA:1,2
DA:2,2
DA:8,2
DA:9,4
DA:10,4
DA:13,3
LF:6
LH:6
BRF:0
BRH:0
end_of_record
TN:
SF:src\app\youtube\services\navigation-state.service.ts
FN:6,(anonymous_0)
FN:10,(anonymous_1)
FN:17,(anonymous_2)
FN:23,(anonymous_3)
FNF:4
FNH:4
FNDA:7,(anonymous_0)
FNDA:40,(anonymous_1)
FNDA:2,(anonymous_2)
FNDA:2,(anonymous_3)
DA:1,2
DA:6,2
DA:8,7
DA:11,40
DA:12,40
DA:13,5
DA:18,2
DA:24,2
DA:25,1
DA:26,1
DA:27,1
DA:29,1
LF:12
LH:12
BRDA:12,0,0,5
BRDA:18,1,0,1
BRDA:18,1,1,1
BRDA:24,2,0,1
BRF:4
BRH:4
end_of_record
TN:
SF:src\app\youtube\services\rate-limited.service.ts
FN:6,(anonymous_0)
FN:19,(anonymous_1)
FN:38,(anonymous_2)
FN:40,(anonymous_3)
FN:42,(anonymous_4)
FN:52,(anonymous_5)
FN:61,(anonymous_6)
FN:70,(anonymous_7)
FNF:8
FNH:8
FNDA:4,(anonymous_0)
FNDA:5,(anonymous_1)
FNDA:5,(anonymous_2)
FNDA:5,(anonymous_3)
FNDA:4,(anonymous_4)
FNDA:5,(anonymous_5)
FNDA:5,(anonymous_6)
FNDA:5,(anonymous_7)
DA:1,2
DA:6,2
DA:7,4
DA:14,4
DA:15,4
DA:16,4
DA:17,4
DA:20,5
DA:21,5
DA:22,5
DA:23,5
DA:24,3
DA:25,3
DA:27,2
DA:28,2
DA:29,0
DA:31,2
DA:35,0
DA:38,5
DA:39,5
DA:41,5
DA:42,4
DA:48,5
DA:53,5
DA:54,2
DA:57,3
DA:58,3
DA:62,5
DA:64,5
DA:65,5
DA:66,5
DA:68,0
DA:70,5
DA:71,5
DA:73,2
DA:76,0
DA:77,0
LF:37
LH:32
BRDA:20,0,0,5
BRDA:20,0,1,0
BRDA:23,1,0,3
BRDA:23,1,1,2
BRDA:23,2,0,5
BRDA:23,2,1,2
BRDA:28,3,0,0
BRDA:28,3,1,2
BRDA:53,4,0,2
BRDA:53,5,0,5
BRDA:53,5,1,3
BRDA:64,6,0,5
BRDA:64,6,1,0
BRF:13
BRH:10
end_of_record
TN:
SF:src\app\youtube\services\video.service.ts
FN:34,(anonymous_0)
FN:40,(anonymous_1)
FN:51,(anonymous_2)
FN:59,(anonymous_3)
FN:63,(anonymous_4)
FN:75,(anonymous_5)
FN:101,(anonymous_6)
FN:103,(anonymous_7)
FN:113,(anonymous_8)
FN:114,(anonymous_9)
FN:126,(anonymous_10)
FN:135,(anonymous_11)
FN:137,(anonymous_12)
FN:147,(anonymous_13)
FN:149,(anonymous_14)
FN:156,(anonymous_15)
FN:161,(anonymous_16)
FN:172,(anonymous_17)
FN:173,(anonymous_18)
FN:177,(anonymous_19)
FN:182,(anonymous_20)
FN:195,(anonymous_21)
FN:196,(anonymous_22)
FN:199,(anonymous_23)
FNF:24
FNH:0
FNDA:0,(anonymous_0)
FNDA:0,(anonymous_1)
FNDA:0,(anonymous_2)
FNDA:0,(anonymous_3)
FNDA:0,(anonymous_4)
FNDA:0,(anonymous_5)
FNDA:0,(anonymous_6)
FNDA:0,(anonymous_7)
FNDA:0,(anonymous_8)
FNDA:0,(anonymous_9)
FNDA:0,(anonymous_10)
FNDA:0,(anonymous_11)
FNDA:0,(anonymous_12)
FNDA:0,(anonymous_13)
FNDA:0,(anonymous_14)
FNDA:0,(anonymous_15)
FNDA:0,(anonymous_16)
FNDA:0,(anonymous_17)
FNDA:0,(anonymous_18)
FNDA:0,(anonymous_19)
FNDA:0,(anonymous_20)
FNDA:0,(anonymous_21)
FNDA:0,(anonymous_22)
FNDA:0,(anonymous_23)
DA:1,1
DA:2,1
DA:10,1
DA:11,1
DA:12,1
DA:13,1
DA:14,1
DA:15,1
DA:17,1
DA:25,1
DA:26,0
DA:27,0
DA:28,0
DA:30,0
DA:35,0
DA:36,0
DA:37,0
DA:41,0
DA:55,0
DA:56,0
DA:60,0
DA:64,0
DA:65,0
DA:66,0
DA:76,0
DA:77,0
DA:78,0
DA:80,0
DA:81,0
DA:82,0
DA:84,0
DA:85,0
DA:91,0
DA:92,0
DA:102,0
DA:103,0
DA:104,0
DA:106,0
DA:107,0
DA:108,0
DA:109,0
DA:110,0
DA:113,0
DA:114,0
DA:115,0
DA:119,0
DA:121,0
DA:123,0
DA:127,0
DA:131,0
DA:136,0
DA:137,0
DA:138,0
DA:140,0
DA:142,0
DA:148,0
DA:149,0
DA:150,0
DA:152,0
DA:156,0
DA:157,0
DA:162,0
DA:163,0
DA:165,0
DA:166,0
DA:173,0
DA:174,0
DA:177,0
DA:178,0
DA:183,0
DA:184,0
DA:185,0
DA:187,0
DA:188,0
DA:196,0
DA:200,0
DA:201,0
DA:202,0
DA:204,0
DA:205,0
LF:80
LH:10
BRDA:42,0,0,0
BRDA:42,0,1,0
BRDA:46,1,0,0
BRDA:46,1,1,0
BRDA:47,2,0,0
BRDA:47,2,1,0
BRDA:56,3,0,0
BRDA:60,4,0,0
BRDA:60,4,1,0
BRDA:64,5,0,0
BRDA:64,5,1,0
BRDA:65,6,0,0
BRDA:65,6,1,0
BRDA:75,7,0,0
BRDA:76,8,0,0
BRDA:80,9,0,0
BRDA:80,10,0,0
BRDA:80,10,1,0
BRDA:96,11,0,0
BRDA:96,11,1,0
BRDA:102,12,0,0
BRDA:102,12,1,0
BRDA:106,13,0,0
BRDA:106,14,0,0
BRDA:106,14,1,0
BRDA:110,15,0,0
BRDA:110,15,1,0
BRDA:136,16,0,0
BRDA:136,16,1,0
BRDA:148,17,0,0
BRDA:148,18,0,0
BRDA:148,18,1,0
BRDA:162,19,0,0
BRDA:162,19,1,0
BRDA:183,20,0,0
BRDA:183,20,1,0
BRDA:199,21,0,0
BRDA:200,22,0,0
BRDA:201,23,0,0
BRDA:201,24,0,0
BRDA:201,24,1,0
BRDA:204,25,0,0
BRF:42
BRH:0
end_of_record
TN:
SF:src\environments\environment.jest.ts
FNF:0
FNH:0
DA:1,1
LF:1
LH:1
BRF:0
BRH:0
end_of_record
